{"/home/sirius/Documents/projects/eshophree-api/src/app.js": {"path":"/home/sirius/Documents/projects/eshophree-api/src/app.js","statementMap":{"0":{"start":{"line":1,"column":13},"end":{"line":1,"column":28}},"1":{"start":{"line":2,"column":16},"end":{"line":2,"column":34}},"2":{"start":{"line":3,"column":13},"end":{"line":3,"column":28}},"3":{"start":{"line":4,"column":21},"end":{"line":4,"column":45}},"4":{"start":{"line":5,"column":15},"end":{"line":5,"column":32}},"5":{"start":{"line":6,"column":15},"end":{"line":6,"column":32}},"6":{"start":{"line":7,"column":22},"end":{"line":7,"column":55}},"7":{"start":{"line":8,"column":18},"end":{"line":8,"column":47}},"8":{"start":{"line":10,"column":19},"end":{"line":10,"column":50}},"9":{"start":{"line":11,"column":22},"end":{"line":11,"column":56}},"10":{"start":{"line":12,"column":19},"end":{"line":12,"column":50}},"11":{"start":{"line":13,"column":21},"end":{"line":13,"column":54}},"12":{"start":{"line":15,"column":17},"end":{"line":15,"column":44}},"13":{"start":{"line":16,"column":27},"end":{"line":16,"column":69}},"14":{"start":{"line":18,"column":12},"end":{"line":18,"column":21}},"15":{"start":{"line":20,"column":20},"end":{"line":23,"column":1}},"16":{"start":{"line":25,"column":16},"end":{"line":29,"column":2}},"17":{"start":{"line":31,"column":0},"end":{"line":31,"column":59}},"18":{"start":{"line":32,"column":0},"end":{"line":32,"column":27}},"19":{"start":{"line":33,"column":0},"end":{"line":33,"column":24}},"20":{"start":{"line":34,"column":0},"end":{"line":34,"column":41}},"21":{"start":{"line":35,"column":0},"end":{"line":35,"column":48}},"22":{"start":{"line":36,"column":0},"end":{"line":36,"column":24}},"23":{"start":{"line":37,"column":0},"end":{"line":37,"column":18}},"24":{"start":{"line":38,"column":0},"end":{"line":38,"column":25}},"25":{"start":{"line":39,"column":0},"end":{"line":39,"column":17}},"26":{"start":{"line":41,"column":0},"end":{"line":41,"column":37}},"27":{"start":{"line":42,"column":0},"end":{"line":42,"column":43}},"28":{"start":{"line":43,"column":0},"end":{"line":43,"column":37}},"29":{"start":{"line":44,"column":0},"end":{"line":44,"column":41}},"30":{"start":{"line":46,"column":0},"end":{"line":48,"column":3}},"31":{"start":{"line":47,"column":4},"end":{"line":47,"column":76}},"32":{"start":{"line":50,"column":0},"end":{"line":50,"column":28}},"33":{"start":{"line":52,"column":0},"end":{"line":52,"column":21}}},"fnMap":{"0":{"name":"(anonymous_0)","decl":{"start":{"line":46,"column":13},"end":{"line":46,"column":14}},"loc":{"start":{"line":46,"column":33},"end":{"line":48,"column":1}},"line":46}},"branchMap":{},"s":{"0":1,"1":1,"2":1,"3":1,"4":1,"5":1,"6":1,"7":1,"8":1,"9":1,"10":1,"11":1,"12":1,"13":1,"14":1,"15":1,"16":1,"17":1,"18":1,"19":1,"20":1,"21":1,"22":1,"23":1,"24":1,"25":1,"26":1,"27":1,"28":1,"29":1,"30":1,"31":1,"32":1,"33":1},"f":{"0":1},"b":{},"_coverageSchema":"1a1c01bbd47fc00a2c39e90264f33305004495a9","hash":"c3c1466f4f5577b71756e9c6bdc186fded94892f"}
,"/home/sirius/Documents/projects/eshophree-api/src/__test__/db.js": {"path":"/home/sirius/Documents/projects/eshophree-api/src/__test__/db.js","statementMap":{"0":{"start":{"line":1,"column":17},"end":{"line":1,"column":36}},"1":{"start":{"line":2,"column":30},"end":{"line":2,"column":62}},"2":{"start":{"line":4,"column":15},"end":{"line":4,"column":41}},"3":{"start":{"line":6,"column":0},"end":{"line":9,"column":2}},"4":{"start":{"line":7,"column":16},"end":{"line":7,"column":45}},"5":{"start":{"line":8,"column":4},"end":{"line":8,"column":32}},"6":{"start":{"line":10,"column":0},"end":{"line":14,"column":2}},"7":{"start":{"line":11,"column":4},"end":{"line":11,"column":45}},"8":{"start":{"line":12,"column":4},"end":{"line":12,"column":38}},"9":{"start":{"line":13,"column":4},"end":{"line":13,"column":32}},"10":{"start":{"line":15,"column":0},"end":{"line":21,"column":2}},"11":{"start":{"line":16,"column":24},"end":{"line":16,"column":55}},"12":{"start":{"line":17,"column":4},"end":{"line":20,"column":5}},"13":{"start":{"line":18,"column":27},"end":{"line":18,"column":43}},"14":{"start":{"line":19,"column":8},"end":{"line":19,"column":40}}},"fnMap":{"0":{"name":"(anonymous_0)","decl":{"start":{"line":6,"column":18},"end":{"line":6,"column":19}},"loc":{"start":{"line":6,"column":30},"end":{"line":9,"column":1}},"line":6},"1":{"name":"(anonymous_1)","decl":{"start":{"line":10,"column":24},"end":{"line":10,"column":25}},"loc":{"start":{"line":10,"column":36},"end":{"line":14,"column":1}},"line":10},"2":{"name":"(anonymous_2)","decl":{"start":{"line":15,"column":24},"end":{"line":15,"column":25}},"loc":{"start":{"line":15,"column":36},"end":{"line":21,"column":1}},"line":15}},"branchMap":{},"s":{"0":1,"1":1,"2":1,"3":1,"4":1,"5":1,"6":1,"7":1,"8":1,"9":1,"10":1,"11":7,"12":7,"13":49,"14":49},"f":{"0":1,"1":1,"2":7},"b":{},"_coverageSchema":"1a1c01bbd47fc00a2c39e90264f33305004495a9","hash":"145f6b7204cf28d93f0d6cf834a7573150231456"}
,"/home/sirius/Documents/projects/eshophree-api/src/api/email.js": {"path":"/home/sirius/Documents/projects/eshophree-api/src/api/email.js","statementMap":{"0":{"start":{"line":1,"column":19},"end":{"line":1,"column":40}},"1":{"start":{"line":2,"column":12},"end":{"line":2,"column":52}},"2":{"start":{"line":3,"column":13},"end":{"line":3,"column":28}},"3":{"start":{"line":4,"column":12},"end":{"line":4,"column":35}},"4":{"start":{"line":7,"column":4},"end":{"line":7,"column":15}},"5":{"start":{"line":9,"column":18},"end":{"line":53,"column":1}},"6":{"start":{"line":10,"column":4},"end":{"line":52,"column":5}},"7":{"start":{"line":11,"column":28},"end":{"line":18,"column":10}},"8":{"start":{"line":20,"column":33},"end":{"line":26,"column":9}},"9":{"start":{"line":28,"column":8},"end":{"line":28,"column":58}},"10":{"start":{"line":30,"column":24},"end":{"line":36,"column":9}},"11":{"start":{"line":38,"column":8},"end":{"line":38,"column":44}},"12":{"start":{"line":40,"column":8},"end":{"line":47,"column":9}},"13":{"start":{"line":41,"column":12},"end":{"line":46,"column":14}},"14":{"start":{"line":49,"column":8},"end":{"line":49,"column":27}},"15":{"start":{"line":50,"column":8},"end":{"line":50,"column":52}},"16":{"start":{"line":51,"column":8},"end":{"line":51,"column":31}},"17":{"start":{"line":55,"column":0},"end":{"line":55,"column":27}}},"fnMap":{"0":{"name":"(anonymous_0)","decl":{"start":{"line":9,"column":18},"end":{"line":9,"column":19}},"loc":{"start":{"line":9,"column":60},"end":{"line":53,"column":1}},"line":9}},"branchMap":{"0":{"loc":{"start":{"line":40,"column":8},"end":{"line":47,"column":9}},"type":"if","locations":[{"start":{"line":40,"column":8},"end":{"line":47,"column":9}},{"start":{},"end":{}}],"line":40}},"s":{"0":1,"1":1,"2":1,"3":1,"4":1,"5":1,"6":2,"7":2,"8":2,"9":2,"10":2,"11":2,"12":0,"13":0,"14":0,"15":0,"16":0,"17":1},"f":{"0":2},"b":{"0":[0,0]},"_coverageSchema":"1a1c01bbd47fc00a2c39e90264f33305004495a9","hash":"5890a27b8298de6e397a9e704fc3ee1256f715c3"}
,"/home/sirius/Documents/projects/eshophree-api/src/controllers/cart.controllers.js": {"path":"/home/sirius/Documents/projects/eshophree-api/src/controllers/cart.controllers.js","statementMap":{"0":{"start":{"line":1,"column":17},"end":{"line":1,"column":45}},"1":{"start":{"line":2,"column":19},"end":{"line":2,"column":49}},"2":{"start":{"line":4,"column":13},"end":{"line":4,"column":45}},"3":{"start":{"line":6,"column":0},"end":{"line":29,"column":3}},"4":{"start":{"line":7,"column":26},"end":{"line":7,"column":36}},"5":{"start":{"line":8,"column":17},"end":{"line":8,"column":25}},"6":{"start":{"line":9,"column":25},"end":{"line":9,"column":33}},"7":{"start":{"line":10,"column":17},"end":{"line":10,"column":57}},"8":{"start":{"line":11,"column":4},"end":{"line":13,"column":5}},"9":{"start":{"line":12,"column":8},"end":{"line":12,"column":64}},"10":{"start":{"line":14,"column":18},"end":{"line":16,"column":5}},"11":{"start":{"line":15,"column":8},"end":{"line":15,"column":43}},"12":{"start":{"line":17,"column":4},"end":{"line":24,"column":5}},"13":{"start":{"line":18,"column":8},"end":{"line":21,"column":11}},"14":{"start":{"line":23,"column":8},"end":{"line":23,"column":55}},"15":{"start":{"line":26,"column":4},"end":{"line":26,"column":22}},"16":{"start":{"line":28,"column":4},"end":{"line":28,"column":80}},"17":{"start":{"line":31,"column":0},"end":{"line":55,"column":3}},"18":{"start":{"line":32,"column":26},"end":{"line":32,"column":36}},"19":{"start":{"line":33,"column":17},"end":{"line":33,"column":25}},"20":{"start":{"line":34,"column":17},"end":{"line":34,"column":57}},"21":{"start":{"line":35,"column":4},"end":{"line":37,"column":5}},"22":{"start":{"line":36,"column":8},"end":{"line":36,"column":64}},"23":{"start":{"line":38,"column":18},"end":{"line":40,"column":5}},"24":{"start":{"line":39,"column":8},"end":{"line":39,"column":43}},"25":{"start":{"line":41,"column":4},"end":{"line":50,"column":5}},"26":{"start":{"line":42,"column":8},"end":{"line":42,"column":80}},"27":{"start":{"line":44,"column":25},"end":{"line":44,"column":54}},"28":{"start":{"line":45,"column":8},"end":{"line":49,"column":9}},"29":{"start":{"line":46,"column":12},"end":{"line":46,"column":43}},"30":{"start":{"line":48,"column":12},"end":{"line":48,"column":47}},"31":{"start":{"line":51,"column":4},"end":{"line":51,"column":22}},"32":{"start":{"line":52,"column":4},"end":{"line":54,"column":7}},"33":{"start":{"line":57,"column":0},"end":{"line":68,"column":3}},"34":{"start":{"line":58,"column":17},"end":{"line":58,"column":25}},"35":{"start":{"line":59,"column":17},"end":{"line":59,"column":57}},"36":{"start":{"line":60,"column":4},"end":{"line":62,"column":5}},"37":{"start":{"line":61,"column":8},"end":{"line":61,"column":64}},"38":{"start":{"line":63,"column":4},"end":{"line":63,"column":23}},"39":{"start":{"line":65,"column":4},"end":{"line":65,"column":22}},"40":{"start":{"line":67,"column":4},"end":{"line":67,"column":71}}},"fnMap":{"0":{"name":"(anonymous_0)","decl":{"start":{"line":6,"column":31},"end":{"line":6,"column":32}},"loc":{"start":{"line":6,"column":57},"end":{"line":29,"column":1}},"line":6},"1":{"name":"(anonymous_1)","decl":{"start":{"line":14,"column":43},"end":{"line":14,"column":44}},"loc":{"start":{"line":15,"column":8},"end":{"line":15,"column":43}},"line":15},"2":{"name":"(anonymous_2)","decl":{"start":{"line":31,"column":36},"end":{"line":31,"column":37}},"loc":{"start":{"line":31,"column":62},"end":{"line":55,"column":1}},"line":31},"3":{"name":"(anonymous_3)","decl":{"start":{"line":38,"column":43},"end":{"line":38,"column":44}},"loc":{"start":{"line":39,"column":8},"end":{"line":39,"column":43}},"line":39},"4":{"name":"(anonymous_4)","decl":{"start":{"line":57,"column":31},"end":{"line":57,"column":32}},"loc":{"start":{"line":57,"column":57},"end":{"line":68,"column":1}},"line":57}},"branchMap":{"0":{"loc":{"start":{"line":11,"column":4},"end":{"line":13,"column":5}},"type":"if","locations":[{"start":{"line":11,"column":4},"end":{"line":13,"column":5}},{"start":{},"end":{}}],"line":11},"1":{"loc":{"start":{"line":17,"column":4},"end":{"line":24,"column":5}},"type":"if","locations":[{"start":{"line":17,"column":4},"end":{"line":24,"column":5}},{"start":{"line":22,"column":11},"end":{"line":24,"column":5}}],"line":17},"2":{"loc":{"start":{"line":17,"column":8},"end":{"line":17,"column":43}},"type":"binary-expr","locations":[{"start":{"line":17,"column":8},"end":{"line":17,"column":27}},{"start":{"line":17,"column":31},"end":{"line":17,"column":43}}],"line":17},"3":{"loc":{"start":{"line":20,"column":22},"end":{"line":20,"column":35}},"type":"binary-expr","locations":[{"start":{"line":20,"column":22},"end":{"line":20,"column":30}},{"start":{"line":20,"column":34},"end":{"line":20,"column":35}}],"line":20},"4":{"loc":{"start":{"line":23,"column":41},"end":{"line":23,"column":54}},"type":"binary-expr","locations":[{"start":{"line":23,"column":41},"end":{"line":23,"column":49}},{"start":{"line":23,"column":53},"end":{"line":23,"column":54}}],"line":23},"5":{"loc":{"start":{"line":35,"column":4},"end":{"line":37,"column":5}},"type":"if","locations":[{"start":{"line":35,"column":4},"end":{"line":37,"column":5}},{"start":{},"end":{}}],"line":35},"6":{"loc":{"start":{"line":41,"column":4},"end":{"line":50,"column":5}},"type":"if","locations":[{"start":{"line":41,"column":4},"end":{"line":50,"column":5}},{"start":{"line":43,"column":11},"end":{"line":50,"column":5}}],"line":41},"7":{"loc":{"start":{"line":41,"column":8},"end":{"line":41,"column":43}},"type":"binary-expr","locations":[{"start":{"line":41,"column":8},"end":{"line":41,"column":27}},{"start":{"line":41,"column":31},"end":{"line":41,"column":43}}],"line":41},"8":{"loc":{"start":{"line":45,"column":8},"end":{"line":49,"column":9}},"type":"if","locations":[{"start":{"line":45,"column":8},"end":{"line":49,"column":9}},{"start":{"line":47,"column":15},"end":{"line":49,"column":9}}],"line":45},"9":{"loc":{"start":{"line":60,"column":4},"end":{"line":62,"column":5}},"type":"if","locations":[{"start":{"line":60,"column":4},"end":{"line":62,"column":5}},{"start":{},"end":{}}],"line":60}},"s":{"0":1,"1":1,"2":1,"3":1,"4":0,"5":0,"6":0,"7":0,"8":0,"9":0,"10":0,"11":0,"12":0,"13":0,"14":0,"15":0,"16":0,"17":1,"18":0,"19":0,"20":0,"21":0,"22":0,"23":0,"24":0,"25":0,"26":0,"27":0,"28":0,"29":0,"30":0,"31":0,"32":0,"33":1,"34":0,"35":0,"36":0,"37":0,"38":0,"39":0,"40":0},"f":{"0":0,"1":0,"2":0,"3":0,"4":0},"b":{"0":[0,0],"1":[0,0],"2":[0,0],"3":[0,0],"4":[0,0],"5":[0,0],"6":[0,0],"7":[0,0],"8":[0,0],"9":[0,0]},"_coverageSchema":"1a1c01bbd47fc00a2c39e90264f33305004495a9","hash":"aad6c96da043974c2746ddf1f389f9e8b57bea51"}
,"/home/sirius/Documents/projects/eshophree-api/src/controllers/discount.controllers.js": {"path":"/home/sirius/Documents/projects/eshophree-api/src/controllers/discount.controllers.js","statementMap":{"0":{"start":{"line":1,"column":19},"end":{"line":1,"column":49}},"1":{"start":{"line":2,"column":17},"end":{"line":2,"column":53}},"2":{"start":{"line":4,"column":0},"end":{"line":21,"column":3}},"3":{"start":{"line":5,"column":30},"end":{"line":5,"column":38}},"4":{"start":{"line":6,"column":20},"end":{"line":6,"column":31}},"5":{"start":{"line":8,"column":4},"end":{"line":8,"column":64}},"6":{"start":{"line":10,"column":21},"end":{"line":14,"column":6}},"7":{"start":{"line":16,"column":4},"end":{"line":16,"column":38}},"8":{"start":{"line":18,"column":4},"end":{"line":18,"column":25}},"9":{"start":{"line":20,"column":4},"end":{"line":20,"column":73}},"10":{"start":{"line":23,"column":0},"end":{"line":29,"column":3}},"11":{"start":{"line":24,"column":20},"end":{"line":24,"column":31}},"12":{"start":{"line":26,"column":4},"end":{"line":26,"column":57}},"13":{"start":{"line":28,"column":4},"end":{"line":28,"column":75}},"14":{"start":{"line":31,"column":0},"end":{"line":42,"column":3}},"15":{"start":{"line":32,"column":30},"end":{"line":32,"column":38}},"16":{"start":{"line":33,"column":20},"end":{"line":33,"column":31}},"17":{"start":{"line":35,"column":4},"end":{"line":39,"column":6}},"18":{"start":{"line":41,"column":4},"end":{"line":41,"column":75}}},"fnMap":{"0":{"name":"(anonymous_0)","decl":{"start":{"line":4,"column":33},"end":{"line":4,"column":34}},"loc":{"start":{"line":4,"column":53},"end":{"line":21,"column":1}},"line":4},"1":{"name":"(anonymous_1)","decl":{"start":{"line":23,"column":36},"end":{"line":23,"column":37}},"loc":{"start":{"line":23,"column":56},"end":{"line":29,"column":1}},"line":23},"2":{"name":"(anonymous_2)","decl":{"start":{"line":31,"column":36},"end":{"line":31,"column":37}},"loc":{"start":{"line":31,"column":56},"end":{"line":42,"column":1}},"line":31}},"branchMap":{},"s":{"0":1,"1":1,"2":1,"3":0,"4":0,"5":0,"6":0,"7":0,"8":0,"9":0,"10":1,"11":0,"12":0,"13":0,"14":1,"15":0,"16":0,"17":0,"18":0},"f":{"0":0,"1":0,"2":0},"b":{},"_coverageSchema":"1a1c01bbd47fc00a2c39e90264f33305004495a9","hash":"c7c158b63b54a23a34684bc3bf52bb85a0ec3702"}
,"/home/sirius/Documents/projects/eshophree-api/src/controllers/error.controllers.js": {"path":"/home/sirius/Documents/projects/eshophree-api/src/controllers/error.controllers.js","statementMap":{"0":{"start":{"line":1,"column":12},"end":{"line":1,"column":35}},"1":{"start":{"line":3,"column":21},"end":{"line":3,"column":32}},"2":{"start":{"line":5,"column":0},"end":{"line":17,"column":2}},"3":{"start":{"line":6,"column":4},"end":{"line":16,"column":5}},"4":{"start":{"line":7,"column":8},"end":{"line":9,"column":9}},"5":{"start":{"line":8,"column":12},"end":{"line":8,"column":76}},"6":{"start":{"line":10,"column":8},"end":{"line":10,"column":70}},"7":{"start":{"line":12,"column":8},"end":{"line":12,"column":64}},"8":{"start":{"line":13,"column":8},"end":{"line":15,"column":11}}},"fnMap":{"0":{"name":"(anonymous_0)","decl":{"start":{"line":5,"column":17},"end":{"line":5,"column":18}},"loc":{"start":{"line":5,"column":44},"end":{"line":17,"column":1}},"line":5}},"branchMap":{"0":{"loc":{"start":{"line":6,"column":4},"end":{"line":16,"column":5}},"type":"if","locations":[{"start":{"line":6,"column":4},"end":{"line":16,"column":5}},{"start":{"line":11,"column":11},"end":{"line":16,"column":5}}],"line":6},"1":{"loc":{"start":{"line":7,"column":8},"end":{"line":9,"column":9}},"type":"if","locations":[{"start":{"line":7,"column":8},"end":{"line":9,"column":9}},{"start":{},"end":{}}],"line":7}},"s":{"0":1,"1":1,"2":1,"3":7,"4":7,"5":0,"6":7,"7":0,"8":0},"f":{"0":7},"b":{"0":[7,0],"1":[0,7]},"_coverageSchema":"1a1c01bbd47fc00a2c39e90264f33305004495a9","hash":"562164e05c204931e70ed731bfbdbcc3ff03652a"}
,"/home/sirius/Documents/projects/eshophree-api/src/controllers/product.controllers.js": {"path":"/home/sirius/Documents/projects/eshophree-api/src/controllers/product.controllers.js","statementMap":{"0":{"start":{"line":1,"column":19},"end":{"line":1,"column":49}},"1":{"start":{"line":2,"column":17},"end":{"line":2,"column":45}},"2":{"start":{"line":3,"column":37},"end":{"line":3,"column":62}},"3":{"start":{"line":5,"column":16},"end":{"line":5,"column":51}},"4":{"start":{"line":7,"column":31},"end":{"line":13,"column":1}},"5":{"start":{"line":8,"column":4},"end":{"line":12,"column":5}},"6":{"start":{"line":9,"column":8},"end":{"line":9,"column":41}},"7":{"start":{"line":10,"column":11},"end":{"line":12,"column":5}},"8":{"start":{"line":11,"column":8},"end":{"line":11,"column":44}},"9":{"start":{"line":15,"column":0},"end":{"line":64,"column":3}},"10":{"start":{"line":17,"column":81},"end":{"line":17,"column":90}},"11":{"start":{"line":18,"column":25},"end":{"line":18,"column":27}},"12":{"start":{"line":20,"column":4},"end":{"line":20,"column":65}},"13":{"start":{"line":21,"column":4},"end":{"line":21,"column":59}},"14":{"start":{"line":22,"column":4},"end":{"line":30,"column":5}},"15":{"start":{"line":23,"column":8},"end":{"line":23,"column":32}},"16":{"start":{"line":24,"column":8},"end":{"line":26,"column":9}},"17":{"start":{"line":25,"column":12},"end":{"line":25,"column":47}},"18":{"start":{"line":27,"column":8},"end":{"line":29,"column":9}},"19":{"start":{"line":28,"column":12},"end":{"line":28,"column":47}},"20":{"start":{"line":31,"column":4},"end":{"line":36,"column":5}},"21":{"start":{"line":32,"column":8},"end":{"line":35,"column":10}},"22":{"start":{"line":38,"column":21},"end":{"line":57,"column":10}},"23":{"start":{"line":59,"column":4},"end":{"line":61,"column":5}},"24":{"start":{"line":60,"column":8},"end":{"line":60,"column":69}},"25":{"start":{"line":63,"column":4},"end":{"line":63,"column":77}},"26":{"start":{"line":66,"column":0},"end":{"line":76,"column":3}},"27":{"start":{"line":67,"column":20},"end":{"line":74,"column":6}},"28":{"start":{"line":75,"column":4},"end":{"line":75,"column":74}},"29":{"start":{"line":78,"column":0},"end":{"line":89,"column":3}},"30":{"start":{"line":79,"column":20},"end":{"line":79,"column":31}},"31":{"start":{"line":82,"column":8},"end":{"line":82,"column":16}},"32":{"start":{"line":84,"column":16},"end":{"line":84,"column":112}},"33":{"start":{"line":86,"column":4},"end":{"line":86,"column":30}},"34":{"start":{"line":88,"column":4},"end":{"line":88,"column":74}},"35":{"start":{"line":91,"column":0},"end":{"line":105,"column":3}},"36":{"start":{"line":94,"column":8},"end":{"line":94,"column":16}},"37":{"start":{"line":96,"column":4},"end":{"line":100,"column":5}},"38":{"start":{"line":99,"column":8},"end":{"line":99,"column":70}},"39":{"start":{"line":102,"column":4},"end":{"line":102,"column":120}},"40":{"start":{"line":104,"column":4},"end":{"line":104,"column":72}},"41":{"start":{"line":107,"column":0},"end":{"line":112,"column":3}},"42":{"start":{"line":108,"column":20},"end":{"line":108,"column":31}},"43":{"start":{"line":109,"column":4},"end":{"line":109,"column":30}},"44":{"start":{"line":111,"column":4},"end":{"line":111,"column":74}}},"fnMap":{"0":{"name":"(anonymous_0)","decl":{"start":{"line":7,"column":31},"end":{"line":7,"column":32}},"loc":{"start":{"line":7,"column":56},"end":{"line":13,"column":1}},"line":7},"1":{"name":"(anonymous_1)","decl":{"start":{"line":15,"column":36},"end":{"line":15,"column":37}},"loc":{"start":{"line":15,"column":62},"end":{"line":64,"column":1}},"line":15},"2":{"name":"(anonymous_2)","decl":{"start":{"line":66,"column":36},"end":{"line":66,"column":37}},"loc":{"start":{"line":66,"column":56},"end":{"line":76,"column":1}},"line":66},"3":{"name":"(anonymous_3)","decl":{"start":{"line":78,"column":35},"end":{"line":78,"column":36}},"loc":{"start":{"line":78,"column":55},"end":{"line":89,"column":1}},"line":78},"4":{"name":"(anonymous_4)","decl":{"start":{"line":91,"column":32},"end":{"line":91,"column":33}},"loc":{"start":{"line":91,"column":58},"end":{"line":105,"column":1}},"line":91},"5":{"name":"(anonymous_5)","decl":{"start":{"line":107,"column":35},"end":{"line":107,"column":36}},"loc":{"start":{"line":107,"column":55},"end":{"line":112,"column":1}},"line":107}},"branchMap":{"0":{"loc":{"start":{"line":8,"column":4},"end":{"line":12,"column":5}},"type":"if","locations":[{"start":{"line":8,"column":4},"end":{"line":12,"column":5}},{"start":{"line":10,"column":11},"end":{"line":12,"column":5}}],"line":8},"1":{"loc":{"start":{"line":8,"column":8},"end":{"line":8,"column":42}},"type":"binary-expr","locations":[{"start":{"line":8,"column":8},"end":{"line":8,"column":13}},{"start":{"line":8,"column":17},"end":{"line":8,"column":42}}],"line":8},"2":{"loc":{"start":{"line":10,"column":11},"end":{"line":12,"column":5}},"type":"if","locations":[{"start":{"line":10,"column":11},"end":{"line":12,"column":5}},{"start":{},"end":{}}],"line":10},"3":{"loc":{"start":{"line":17,"column":12},"end":{"line":17,"column":20}},"type":"default-arg","locations":[{"start":{"line":17,"column":19},"end":{"line":17,"column":20}}],"line":17},"4":{"loc":{"start":{"line":17,"column":22},"end":{"line":17,"column":32}},"type":"default-arg","locations":[{"start":{"line":17,"column":30},"end":{"line":17,"column":32}}],"line":17},"5":{"loc":{"start":{"line":22,"column":4},"end":{"line":30,"column":5}},"type":"if","locations":[{"start":{"line":22,"column":4},"end":{"line":30,"column":5}},{"start":{},"end":{}}],"line":22},"6":{"loc":{"start":{"line":22,"column":8},"end":{"line":22,"column":28}},"type":"binary-expr","locations":[{"start":{"line":22,"column":8},"end":{"line":22,"column":16}},{"start":{"line":22,"column":20},"end":{"line":22,"column":28}}],"line":22},"7":{"loc":{"start":{"line":24,"column":8},"end":{"line":26,"column":9}},"type":"if","locations":[{"start":{"line":24,"column":8},"end":{"line":26,"column":9}},{"start":{},"end":{}}],"line":24},"8":{"loc":{"start":{"line":27,"column":8},"end":{"line":29,"column":9}},"type":"if","locations":[{"start":{"line":27,"column":8},"end":{"line":29,"column":9}},{"start":{},"end":{}}],"line":27},"9":{"loc":{"start":{"line":31,"column":4},"end":{"line":36,"column":5}},"type":"if","locations":[{"start":{"line":31,"column":4},"end":{"line":36,"column":5}},{"start":{},"end":{}}],"line":31},"10":{"loc":{"start":{"line":59,"column":4},"end":{"line":61,"column":5}},"type":"if","locations":[{"start":{"line":59,"column":4},"end":{"line":61,"column":5}},{"start":{},"end":{}}],"line":59},"11":{"loc":{"start":{"line":96,"column":4},"end":{"line":100,"column":5}},"type":"if","locations":[{"start":{"line":96,"column":4},"end":{"line":100,"column":5}},{"start":{},"end":{}}],"line":96},"12":{"loc":{"start":{"line":96,"column":8},"end":{"line":98,"column":72}},"type":"binary-expr","locations":[{"start":{"line":96,"column":8},"end":{"line":96,"column":13}},{"start":{"line":96,"column":17},"end":{"line":96,"column":26}},{"start":{"line":96,"column":30},"end":{"line":96,"column":34}},{"start":{"line":96,"column":38},"end":{"line":96,"column":44}},{"start":{"line":96,"column":48},"end":{"line":96,"column":54}},{"start":{"line":96,"column":58},"end":{"line":96,"column":63}},{"start":{"line":96,"column":67},"end":{"line":96,"column":87}},{"start":{"line":97,"column":8},"end":{"line":97,"column":23}},{"start":{"line":97,"column":27},"end":{"line":97,"column":48}},{"start":{"line":97,"column":52},"end":{"line":97,"column":68}},{"start":{"line":97,"column":72},"end":{"line":97,"column":95}},{"start":{"line":98,"column":8},"end":{"line":98,"column":26}},{"start":{"line":98,"column":30},"end":{"line":98,"column":51}},{"start":{"line":98,"column":55},"end":{"line":98,"column":72}}],"line":96}},"s":{"0":1,"1":1,"2":1,"3":1,"4":1,"5":0,"6":0,"7":0,"8":0,"9":1,"10":0,"11":0,"12":0,"13":0,"14":0,"15":0,"16":0,"17":0,"18":0,"19":0,"20":0,"21":0,"22":0,"23":0,"24":0,"25":0,"26":1,"27":0,"28":0,"29":1,"30":0,"31":0,"32":0,"33":0,"34":0,"35":1,"36":0,"37":0,"38":0,"39":0,"40":0,"41":1,"42":0,"43":0,"44":0},"f":{"0":0,"1":0,"2":0,"3":0,"4":0,"5":0},"b":{"0":[0,0],"1":[0,0],"2":[0,0],"3":[0],"4":[0],"5":[0,0],"6":[0,0],"7":[0,0],"8":[0,0],"9":[0,0],"10":[0,0],"11":[0,0],"12":[0,0,0,0,0,0,0,0,0,0,0,0,0,0]},"_coverageSchema":"1a1c01bbd47fc00a2c39e90264f33305004495a9","hash":"24b572c306f0082bd456da9ad0fe6eaed9c35d2d"}
,"/home/sirius/Documents/projects/eshophree-api/src/controllers/review.controllers.js": {"path":"/home/sirius/Documents/projects/eshophree-api/src/controllers/review.controllers.js","statementMap":{"0":{"start":{"line":1,"column":15},"end":{"line":1,"column":49}},"1":{"start":{"line":3,"column":19},"end":{"line":3,"column":49}},"2":{"start":{"line":4,"column":17},"end":{"line":4,"column":45}},"3":{"start":{"line":6,"column":27},"end":{"line":16,"column":1}},"4":{"start":{"line":7,"column":16},"end":{"line":7,"column":18}},"5":{"start":{"line":8,"column":23},"end":{"line":8,"column":28}},"6":{"start":{"line":9,"column":4},"end":{"line":14,"column":5}},"7":{"start":{"line":10,"column":8},"end":{"line":13,"column":9}},"8":{"start":{"line":11,"column":12},"end":{"line":11,"column":35}},"9":{"start":{"line":12,"column":12},"end":{"line":12,"column":32}},"10":{"start":{"line":15,"column":4},"end":{"line":15,"column":31}},"11":{"start":{"line":18,"column":0},"end":{"line":28,"column":3}},"12":{"start":{"line":19,"column":26},"end":{"line":19,"column":36}},"13":{"start":{"line":20,"column":20},"end":{"line":20,"column":52}},"14":{"start":{"line":21,"column":4},"end":{"line":23,"column":5}},"15":{"start":{"line":22,"column":8},"end":{"line":22,"column":77}},"16":{"start":{"line":24,"column":4},"end":{"line":27,"column":7}},"17":{"start":{"line":30,"column":0},"end":{"line":54,"column":3}},"18":{"start":{"line":31,"column":17},"end":{"line":31,"column":25}},"19":{"start":{"line":32,"column":26},"end":{"line":32,"column":36}},"20":{"start":{"line":33,"column":32},"end":{"line":33,"column":40}},"21":{"start":{"line":35,"column":25},"end":{"line":35,"column":78}},"22":{"start":{"line":37,"column":4},"end":{"line":44,"column":5}},"23":{"start":{"line":38,"column":8},"end":{"line":43,"column":10}},"24":{"start":{"line":46,"column":4},"end":{"line":51,"column":7}},"25":{"start":{"line":53,"column":4},"end":{"line":53,"column":77}},"26":{"start":{"line":56,"column":0},"end":{"line":77,"column":3}},"27":{"start":{"line":57,"column":17},"end":{"line":57,"column":25}},"28":{"start":{"line":58,"column":25},"end":{"line":58,"column":35}},"29":{"start":{"line":60,"column":19},"end":{"line":60,"column":50}},"30":{"start":{"line":61,"column":4},"end":{"line":63,"column":5}},"31":{"start":{"line":62,"column":8},"end":{"line":62,"column":67}},"32":{"start":{"line":65,"column":4},"end":{"line":72,"column":5}},"33":{"start":{"line":66,"column":8},"end":{"line":71,"column":10}},"34":{"start":{"line":74,"column":4},"end":{"line":74,"column":29}},"35":{"start":{"line":76,"column":4},"end":{"line":76,"column":79}},"36":{"start":{"line":79,"column":0},"end":{"line":111,"column":3}},"37":{"start":{"line":80,"column":17},"end":{"line":80,"column":25}},"38":{"start":{"line":81,"column":32},"end":{"line":81,"column":40}},"39":{"start":{"line":82,"column":25},"end":{"line":82,"column":35}},"40":{"start":{"line":84,"column":19},"end":{"line":84,"column":50}},"41":{"start":{"line":86,"column":4},"end":{"line":88,"column":5}},"42":{"start":{"line":87,"column":8},"end":{"line":87,"column":74}},"43":{"start":{"line":90,"column":4},"end":{"line":97,"column":5}},"44":{"start":{"line":91,"column":8},"end":{"line":96,"column":10}},"45":{"start":{"line":99,"column":19},"end":{"line":99,"column":58}},"46":{"start":{"line":100,"column":4},"end":{"line":102,"column":5}},"47":{"start":{"line":101,"column":8},"end":{"line":101,"column":75}},"48":{"start":{"line":104,"column":4},"end":{"line":106,"column":5}},"49":{"start":{"line":105,"column":8},"end":{"line":105,"column":36}},"50":{"start":{"line":108,"column":4},"end":{"line":108,"column":24}},"51":{"start":{"line":110,"column":4},"end":{"line":110,"column":78}}},"fnMap":{"0":{"name":"(anonymous_0)","decl":{"start":{"line":6,"column":27},"end":{"line":6,"column":28}},"loc":{"start":{"line":6,"column":37},"end":{"line":16,"column":1}},"line":6},"1":{"name":"(anonymous_1)","decl":{"start":{"line":18,"column":32},"end":{"line":18,"column":33}},"loc":{"start":{"line":18,"column":58},"end":{"line":28,"column":1}},"line":18},"2":{"name":"(anonymous_2)","decl":{"start":{"line":30,"column":31},"end":{"line":30,"column":32}},"loc":{"start":{"line":30,"column":57},"end":{"line":54,"column":1}},"line":30},"3":{"name":"(anonymous_3)","decl":{"start":{"line":56,"column":34},"end":{"line":56,"column":35}},"loc":{"start":{"line":56,"column":60},"end":{"line":77,"column":1}},"line":56},"4":{"name":"(anonymous_4)","decl":{"start":{"line":79,"column":34},"end":{"line":79,"column":35}},"loc":{"start":{"line":79,"column":60},"end":{"line":111,"column":1}},"line":79}},"branchMap":{"0":{"loc":{"start":{"line":10,"column":8},"end":{"line":13,"column":9}},"type":"if","locations":[{"start":{"line":10,"column":8},"end":{"line":13,"column":9}},{"start":{},"end":{}}],"line":10},"1":{"loc":{"start":{"line":15,"column":11},"end":{"line":15,"column":30}},"type":"binary-expr","locations":[{"start":{"line":15,"column":11},"end":{"line":15,"column":23}},{"start":{"line":15,"column":27},"end":{"line":15,"column":30}}],"line":15},"2":{"loc":{"start":{"line":21,"column":4},"end":{"line":23,"column":5}},"type":"if","locations":[{"start":{"line":21,"column":4},"end":{"line":23,"column":5}},{"start":{},"end":{}}],"line":21},"3":{"loc":{"start":{"line":37,"column":4},"end":{"line":44,"column":5}},"type":"if","locations":[{"start":{"line":37,"column":4},"end":{"line":44,"column":5}},{"start":{},"end":{}}],"line":37},"4":{"loc":{"start":{"line":61,"column":4},"end":{"line":63,"column":5}},"type":"if","locations":[{"start":{"line":61,"column":4},"end":{"line":63,"column":5}},{"start":{},"end":{}}],"line":61},"5":{"loc":{"start":{"line":65,"column":4},"end":{"line":72,"column":5}},"type":"if","locations":[{"start":{"line":65,"column":4},"end":{"line":72,"column":5}},{"start":{},"end":{}}],"line":65},"6":{"loc":{"start":{"line":86,"column":4},"end":{"line":88,"column":5}},"type":"if","locations":[{"start":{"line":86,"column":4},"end":{"line":88,"column":5}},{"start":{},"end":{}}],"line":86},"7":{"loc":{"start":{"line":90,"column":4},"end":{"line":97,"column":5}},"type":"if","locations":[{"start":{"line":90,"column":4},"end":{"line":97,"column":5}},{"start":{},"end":{}}],"line":90},"8":{"loc":{"start":{"line":100,"column":4},"end":{"line":102,"column":5}},"type":"if","locations":[{"start":{"line":100,"column":4},"end":{"line":102,"column":5}},{"start":{},"end":{}}],"line":100}},"s":{"0":1,"1":1,"2":1,"3":1,"4":0,"5":0,"6":0,"7":0,"8":0,"9":0,"10":0,"11":1,"12":0,"13":0,"14":0,"15":0,"16":0,"17":1,"18":0,"19":0,"20":0,"21":0,"22":0,"23":0,"24":0,"25":0,"26":1,"27":0,"28":0,"29":0,"30":0,"31":0,"32":0,"33":0,"34":0,"35":0,"36":1,"37":0,"38":0,"39":0,"40":0,"41":0,"42":0,"43":0,"44":0,"45":0,"46":0,"47":0,"48":0,"49":0,"50":0,"51":0},"f":{"0":0,"1":0,"2":0,"3":0,"4":0},"b":{"0":[0,0],"1":[0,0],"2":[0,0],"3":[0,0],"4":[0,0],"5":[0,0],"6":[0,0],"7":[0,0],"8":[0,0]},"_coverageSchema":"1a1c01bbd47fc00a2c39e90264f33305004495a9","hash":"586f52114d34f149b401f849f81822135bda3bbc"}
,"/home/sirius/Documents/projects/eshophree-api/src/controllers/user.controllers.js": {"path":"/home/sirius/Documents/projects/eshophree-api/src/controllers/user.controllers.js","statementMap":{"0":{"start":{"line":1,"column":12},"end":{"line":1,"column":35}},"1":{"start":{"line":2,"column":15},"end":{"line":2,"column":32}},"2":{"start":{"line":4,"column":17},"end":{"line":4,"column":45}},"3":{"start":{"line":5,"column":13},"end":{"line":5,"column":45}},"4":{"start":{"line":6,"column":13},"end":{"line":6,"column":45}},"5":{"start":{"line":7,"column":19},"end":{"line":7,"column":57}},"6":{"start":{"line":8,"column":22},"end":{"line":8,"column":63}},"7":{"start":{"line":9,"column":18},"end":{"line":9,"column":41}},"8":{"start":{"line":11,"column":19},"end":{"line":11,"column":49}},"9":{"start":{"line":13,"column":39},"end":{"line":13,"column":50}},"10":{"start":{"line":15,"column":18},"end":{"line":19,"column":1}},"11":{"start":{"line":16,"column":4},"end":{"line":18,"column":7}},"12":{"start":{"line":21,"column":28},"end":{"line":31,"column":1}},"13":{"start":{"line":22,"column":4},"end":{"line":29,"column":5}},"14":{"start":{"line":23,"column":8},"end":{"line":28,"column":10}},"15":{"start":{"line":30,"column":4},"end":{"line":30,"column":16}},"16":{"start":{"line":33,"column":32},"end":{"line":38,"column":1}},"17":{"start":{"line":34,"column":18},"end":{"line":34,"column":49}},"18":{"start":{"line":35,"column":4},"end":{"line":37,"column":5}},"19":{"start":{"line":36,"column":8},"end":{"line":36,"column":32}},"20":{"start":{"line":40,"column":20},"end":{"line":43,"column":1}},"21":{"start":{"line":41,"column":23},"end":{"line":41,"column":61}},"22":{"start":{"line":42,"column":4},"end":{"line":42,"column":22}},"23":{"start":{"line":45,"column":33},"end":{"line":54,"column":1}},"24":{"start":{"line":46,"column":18},"end":{"line":46,"column":35}},"25":{"start":{"line":47,"column":4},"end":{"line":52,"column":7}},"26":{"start":{"line":53,"column":4},"end":{"line":53,"column":38}},"27":{"start":{"line":56,"column":18},"end":{"line":62,"column":1}},"28":{"start":{"line":57,"column":17},"end":{"line":59,"column":6}},"29":{"start":{"line":61,"column":4},"end":{"line":61,"column":16}},"30":{"start":{"line":64,"column":0},"end":{"line":87,"column":3}},"31":{"start":{"line":65,"column":64},"end":{"line":65,"column":72}},"32":{"start":{"line":67,"column":4},"end":{"line":69,"column":5}},"33":{"start":{"line":68,"column":8},"end":{"line":68,"column":15}},"34":{"start":{"line":71,"column":17},"end":{"line":76,"column":6}},"35":{"start":{"line":77,"column":4},"end":{"line":77,"column":58}},"36":{"start":{"line":78,"column":26},"end":{"line":78,"column":39}},"37":{"start":{"line":79,"column":4},"end":{"line":79,"column":75}},"38":{"start":{"line":81,"column":17},"end":{"line":81,"column":58}},"39":{"start":{"line":82,"column":4},"end":{"line":84,"column":7}},"40":{"start":{"line":86,"column":4},"end":{"line":86,"column":74}},"41":{"start":{"line":89,"column":0},"end":{"line":109,"column":3}},"42":{"start":{"line":90,"column":32},"end":{"line":90,"column":40}},"43":{"start":{"line":92,"column":17},"end":{"line":92,"column":66}},"44":{"start":{"line":93,"column":4},"end":{"line":95,"column":5}},"45":{"start":{"line":94,"column":8},"end":{"line":94,"column":70}},"46":{"start":{"line":96,"column":4},"end":{"line":96,"column":30}},"47":{"start":{"line":98,"column":17},"end":{"line":98,"column":57}},"48":{"start":{"line":100,"column":4},"end":{"line":108,"column":6}},"49":{"start":{"line":112,"column":0},"end":{"line":112,"column":60}},"50":{"start":{"line":114,"column":0},"end":{"line":135,"column":3}},"51":{"start":{"line":115,"column":17},"end":{"line":115,"column":25}},"52":{"start":{"line":116,"column":58},"end":{"line":116,"column":66}},"53":{"start":{"line":118,"column":4},"end":{"line":120,"column":5}},"54":{"start":{"line":119,"column":8},"end":{"line":119,"column":61}},"55":{"start":{"line":122,"column":4},"end":{"line":124,"column":5}},"56":{"start":{"line":123,"column":8},"end":{"line":123,"column":15}},"57":{"start":{"line":126,"column":4},"end":{"line":126,"column":32}},"58":{"start":{"line":127,"column":4},"end":{"line":127,"column":22}},"59":{"start":{"line":129,"column":4},"end":{"line":134,"column":6}},"60":{"start":{"line":137,"column":0},"end":{"line":156,"column":3}},"61":{"start":{"line":138,"column":22},"end":{"line":138,"column":30}},"62":{"start":{"line":140,"column":17},"end":{"line":140,"column":46}},"63":{"start":{"line":141,"column":4},"end":{"line":143,"column":5}},"64":{"start":{"line":142,"column":8},"end":{"line":142,"column":75}},"65":{"start":{"line":145,"column":4},"end":{"line":145,"column":44}},"66":{"start":{"line":146,"column":18},"end":{"line":146,"column":37}},"67":{"start":{"line":147,"column":4},"end":{"line":147,"column":57}},"68":{"start":{"line":148,"column":25},"end":{"line":148,"column":64}},"69":{"start":{"line":149,"column":4},"end":{"line":152,"column":7}},"70":{"start":{"line":153,"column":4},"end":{"line":155,"column":7}},"71":{"start":{"line":158,"column":0},"end":{"line":187,"column":3}},"72":{"start":{"line":159,"column":22},"end":{"line":159,"column":32}},"73":{"start":{"line":160,"column":48},"end":{"line":160,"column":56}},"74":{"start":{"line":162,"column":20},"end":{"line":162,"column":55}},"75":{"start":{"line":164,"column":4},"end":{"line":166,"column":5}},"76":{"start":{"line":165,"column":8},"end":{"line":165,"column":74}},"77":{"start":{"line":167,"column":4},"end":{"line":169,"column":5}},"78":{"start":{"line":168,"column":8},"end":{"line":168,"column":15}},"79":{"start":{"line":171,"column":17},"end":{"line":171,"column":72}},"80":{"start":{"line":173,"column":4},"end":{"line":180,"column":5}},"81":{"start":{"line":174,"column":8},"end":{"line":179,"column":10}},"82":{"start":{"line":181,"column":4},"end":{"line":181,"column":32}},"83":{"start":{"line":183,"column":4},"end":{"line":183,"column":22}},"84":{"start":{"line":184,"column":4},"end":{"line":184,"column":30}},"85":{"start":{"line":186,"column":4},"end":{"line":186,"column":75}},"86":{"start":{"line":189,"column":0},"end":{"line":192,"column":2}},"87":{"start":{"line":190,"column":4},"end":{"line":190,"column":29}},"88":{"start":{"line":191,"column":4},"end":{"line":191,"column":54}},"89":{"start":{"line":194,"column":0},"end":{"line":201,"column":3}},"90":{"start":{"line":195,"column":17},"end":{"line":195,"column":25}},"91":{"start":{"line":197,"column":4},"end":{"line":197,"column":27}},"92":{"start":{"line":198,"column":4},"end":{"line":198,"column":47}},"93":{"start":{"line":199,"column":4},"end":{"line":199,"column":29}},"94":{"start":{"line":200,"column":4},"end":{"line":200,"column":26}},"95":{"start":{"line":203,"column":0},"end":{"line":215,"column":3}},"96":{"start":{"line":204,"column":17},"end":{"line":204,"column":25}},"97":{"start":{"line":205,"column":17},"end":{"line":207,"column":5}},"98":{"start":{"line":209,"column":4},"end":{"line":209,"column":30}},"99":{"start":{"line":211,"column":4},"end":{"line":214,"column":7}}},"fnMap":{"0":{"name":"(anonymous_0)","decl":{"start":{"line":15,"column":18},"end":{"line":15,"column":19}},"loc":{"start":{"line":15,"column":24},"end":{"line":19,"column":1}},"line":15},"1":{"name":"(anonymous_1)","decl":{"start":{"line":21,"column":28},"end":{"line":21,"column":29}},"loc":{"start":{"line":21,"column":60},"end":{"line":31,"column":1}},"line":21},"2":{"name":"(anonymous_2)","decl":{"start":{"line":33,"column":32},"end":{"line":33,"column":33}},"loc":{"start":{"line":33,"column":48},"end":{"line":38,"column":1}},"line":33},"3":{"name":"(anonymous_3)","decl":{"start":{"line":40,"column":20},"end":{"line":40,"column":21}},"loc":{"start":{"line":40,"column":26},"end":{"line":43,"column":1}},"line":40},"4":{"name":"(anonymous_4)","decl":{"start":{"line":45,"column":33},"end":{"line":45,"column":34}},"loc":{"start":{"line":45,"column":68},"end":{"line":54,"column":1}},"line":45},"5":{"name":"(anonymous_5)","decl":{"start":{"line":56,"column":18},"end":{"line":56,"column":19}},"loc":{"start":{"line":56,"column":41},"end":{"line":62,"column":1}},"line":56},"6":{"name":"(anonymous_6)","decl":{"start":{"line":64,"column":28},"end":{"line":64,"column":29}},"loc":{"start":{"line":64,"column":54},"end":{"line":87,"column":1}},"line":64},"7":{"name":"(anonymous_7)","decl":{"start":{"line":89,"column":27},"end":{"line":89,"column":28}},"loc":{"start":{"line":89,"column":53},"end":{"line":109,"column":1}},"line":89},"8":{"name":"(anonymous_8)","decl":{"start":{"line":112,"column":30},"end":{"line":112,"column":31}},"loc":{"start":{"line":112,"column":56},"end":{"line":112,"column":58}},"line":112},"9":{"name":"(anonymous_9)","decl":{"start":{"line":114,"column":36},"end":{"line":114,"column":37}},"loc":{"start":{"line":114,"column":62},"end":{"line":135,"column":1}},"line":114},"10":{"name":"(anonymous_10)","decl":{"start":{"line":137,"column":36},"end":{"line":137,"column":37}},"loc":{"start":{"line":137,"column":62},"end":{"line":156,"column":1}},"line":137},"11":{"name":"(anonymous_11)","decl":{"start":{"line":158,"column":35},"end":{"line":158,"column":36}},"loc":{"start":{"line":158,"column":61},"end":{"line":187,"column":1}},"line":158},"12":{"name":"(anonymous_12)","decl":{"start":{"line":189,"column":17},"end":{"line":189,"column":18}},"loc":{"start":{"line":189,"column":31},"end":{"line":192,"column":1}},"line":189},"13":{"name":"(anonymous_13)","decl":{"start":{"line":194,"column":35},"end":{"line":194,"column":36}},"loc":{"start":{"line":194,"column":55},"end":{"line":201,"column":1}},"line":194},"14":{"name":"(anonymous_14)","decl":{"start":{"line":203,"column":24},"end":{"line":203,"column":25}},"loc":{"start":{"line":203,"column":44},"end":{"line":215,"column":1}},"line":203}},"branchMap":{"0":{"loc":{"start":{"line":22,"column":4},"end":{"line":29,"column":5}},"type":"if","locations":[{"start":{"line":22,"column":4},"end":{"line":29,"column":5}},{"start":{},"end":{}}],"line":22},"1":{"loc":{"start":{"line":35,"column":4},"end":{"line":37,"column":5}},"type":"if","locations":[{"start":{"line":35,"column":4},"end":{"line":37,"column":5}},{"start":{},"end":{}}],"line":35},"2":{"loc":{"start":{"line":58,"column":8},"end":{"line":58,"column":26}},"type":"cond-expr","locations":[{"start":{"line":58,"column":16},"end":{"line":58,"column":21}},{"start":{"line":58,"column":24},"end":{"line":58,"column":26}}],"line":58},"3":{"loc":{"start":{"line":67,"column":4},"end":{"line":69,"column":5}},"type":"if","locations":[{"start":{"line":67,"column":4},"end":{"line":69,"column":5}},{"start":{},"end":{}}],"line":67},"4":{"loc":{"start":{"line":93,"column":4},"end":{"line":95,"column":5}},"type":"if","locations":[{"start":{"line":93,"column":4},"end":{"line":95,"column":5}},{"start":{},"end":{}}],"line":93},"5":{"loc":{"start":{"line":93,"column":8},"end":{"line":93,"column":69}},"type":"binary-expr","locations":[{"start":{"line":93,"column":8},"end":{"line":93,"column":13}},{"start":{"line":93,"column":17},"end":{"line":93,"column":69}}],"line":93},"6":{"loc":{"start":{"line":118,"column":4},"end":{"line":120,"column":5}},"type":"if","locations":[{"start":{"line":118,"column":4},"end":{"line":120,"column":5}},{"start":{},"end":{}}],"line":118},"7":{"loc":{"start":{"line":122,"column":4},"end":{"line":124,"column":5}},"type":"if","locations":[{"start":{"line":122,"column":4},"end":{"line":124,"column":5}},{"start":{},"end":{}}],"line":122},"8":{"loc":{"start":{"line":141,"column":4},"end":{"line":143,"column":5}},"type":"if","locations":[{"start":{"line":141,"column":4},"end":{"line":143,"column":5}},{"start":{},"end":{}}],"line":141},"9":{"loc":{"start":{"line":164,"column":4},"end":{"line":166,"column":5}},"type":"if","locations":[{"start":{"line":164,"column":4},"end":{"line":166,"column":5}},{"start":{},"end":{}}],"line":164},"10":{"loc":{"start":{"line":167,"column":4},"end":{"line":169,"column":5}},"type":"if","locations":[{"start":{"line":167,"column":4},"end":{"line":169,"column":5}},{"start":{},"end":{}}],"line":167},"11":{"loc":{"start":{"line":173,"column":4},"end":{"line":180,"column":5}},"type":"if","locations":[{"start":{"line":173,"column":4},"end":{"line":180,"column":5}},{"start":{},"end":{}}],"line":173}},"s":{"0":1,"1":1,"2":1,"3":1,"4":1,"5":1,"6":1,"7":1,"8":1,"9":1,"10":1,"11":0,"12":1,"13":2,"14":1,"15":2,"16":1,"17":0,"18":0,"19":0,"20":1,"21":2,"22":2,"23":1,"24":0,"25":0,"26":0,"27":1,"28":2,"29":2,"30":1,"31":2,"32":2,"33":0,"34":2,"35":2,"36":2,"37":2,"38":2,"39":2,"40":2,"41":1,"42":0,"43":0,"44":0,"45":0,"46":0,"47":0,"48":0,"49":1,"50":1,"51":0,"52":0,"53":0,"54":0,"55":0,"56":0,"57":0,"58":0,"59":0,"60":1,"61":0,"62":0,"63":0,"64":0,"65":0,"66":0,"67":0,"68":0,"69":0,"70":0,"71":1,"72":0,"73":0,"74":0,"75":0,"76":0,"77":0,"78":0,"79":0,"80":0,"81":0,"82":0,"83":0,"84":0,"85":0,"86":1,"87":0,"88":0,"89":1,"90":0,"91":0,"92":0,"93":0,"94":0,"95":1,"96":0,"97":0,"98":0,"99":0},"f":{"0":0,"1":2,"2":0,"3":2,"4":0,"5":2,"6":2,"7":0,"8":0,"9":0,"10":0,"11":0,"12":0,"13":0,"14":0},"b":{"0":[1,1],"1":[0,0],"2":[2,0],"3":[0,2],"4":[0,0],"5":[0,0],"6":[0,0],"7":[0,0],"8":[0,0],"9":[0,0],"10":[0,0],"11":[0,0]},"_coverageSchema":"1a1c01bbd47fc00a2c39e90264f33305004495a9","hash":"d2306529ea3c767b55b5f481d38747d5b1a26036"}
,"/home/sirius/Documents/projects/eshophree-api/src/middlewares/auth.middlewares.js": {"path":"/home/sirius/Documents/projects/eshophree-api/src/middlewares/auth.middlewares.js","statementMap":{"0":{"start":{"line":1,"column":12},"end":{"line":1,"column":35}},"1":{"start":{"line":3,"column":19},"end":{"line":3,"column":49}},"2":{"start":{"line":4,"column":17},"end":{"line":4,"column":45}},"3":{"start":{"line":5,"column":13},"end":{"line":5,"column":45}},"4":{"start":{"line":7,"column":0},"end":{"line":40,"column":3}},"5":{"start":{"line":8,"column":22},"end":{"line":8,"column":33}},"6":{"start":{"line":9,"column":4},"end":{"line":13,"column":5}},"7":{"start":{"line":10,"column":8},"end":{"line":12,"column":10}},"8":{"start":{"line":14,"column":20},"end":{"line":14,"column":61}},"9":{"start":{"line":15,"column":4},"end":{"line":17,"column":5}},"10":{"start":{"line":16,"column":8},"end":{"line":16,"column":68}},"11":{"start":{"line":19,"column":17},"end":{"line":21,"column":5}},"12":{"start":{"line":23,"column":4},"end":{"line":27,"column":5}},"13":{"start":{"line":24,"column":8},"end":{"line":26,"column":10}},"14":{"start":{"line":29,"column":4},"end":{"line":36,"column":5}},"15":{"start":{"line":30,"column":8},"end":{"line":35,"column":10}},"16":{"start":{"line":38,"column":4},"end":{"line":38,"column":20}},"17":{"start":{"line":39,"column":4},"end":{"line":39,"column":11}},"18":{"start":{"line":42,"column":0},"end":{"line":60,"column":2}},"19":{"start":{"line":43,"column":4},"end":{"line":59,"column":6}},"20":{"start":{"line":44,"column":21},"end":{"line":44,"column":29}},"21":{"start":{"line":46,"column":8},"end":{"line":50,"column":9}},"22":{"start":{"line":47,"column":12},"end":{"line":49,"column":14}},"23":{"start":{"line":52,"column":8},"end":{"line":56,"column":9}},"24":{"start":{"line":53,"column":12},"end":{"line":55,"column":14}},"25":{"start":{"line":58,"column":8},"end":{"line":58,"column":15}}},"fnMap":{"0":{"name":"(anonymous_0)","decl":{"start":{"line":7,"column":32},"end":{"line":7,"column":33}},"loc":{"start":{"line":7,"column":58},"end":{"line":40,"column":1}},"line":7},"1":{"name":"(anonymous_1)","decl":{"start":{"line":42,"column":21},"end":{"line":42,"column":22}},"loc":{"start":{"line":42,"column":37},"end":{"line":60,"column":1}},"line":42},"2":{"name":"(anonymous_2)","decl":{"start":{"line":43,"column":11},"end":{"line":43,"column":12}},"loc":{"start":{"line":43,"column":31},"end":{"line":59,"column":5}},"line":43}},"branchMap":{"0":{"loc":{"start":{"line":9,"column":4},"end":{"line":13,"column":5}},"type":"if","locations":[{"start":{"line":9,"column":4},"end":{"line":13,"column":5}},{"start":{},"end":{}}],"line":9},"1":{"loc":{"start":{"line":15,"column":4},"end":{"line":17,"column":5}},"type":"if","locations":[{"start":{"line":15,"column":4},"end":{"line":17,"column":5}},{"start":{},"end":{}}],"line":15},"2":{"loc":{"start":{"line":23,"column":4},"end":{"line":27,"column":5}},"type":"if","locations":[{"start":{"line":23,"column":4},"end":{"line":27,"column":5}},{"start":{},"end":{}}],"line":23},"3":{"loc":{"start":{"line":29,"column":4},"end":{"line":36,"column":5}},"type":"if","locations":[{"start":{"line":29,"column":4},"end":{"line":36,"column":5}},{"start":{},"end":{}}],"line":29},"4":{"loc":{"start":{"line":46,"column":8},"end":{"line":50,"column":9}},"type":"if","locations":[{"start":{"line":46,"column":8},"end":{"line":50,"column":9}},{"start":{},"end":{}}],"line":46},"5":{"loc":{"start":{"line":52,"column":8},"end":{"line":56,"column":9}},"type":"if","locations":[{"start":{"line":52,"column":8},"end":{"line":56,"column":9}},{"start":{},"end":{}}],"line":52}},"s":{"0":1,"1":1,"2":1,"3":1,"4":1,"5":0,"6":0,"7":0,"8":0,"9":0,"10":0,"11":0,"12":0,"13":0,"14":0,"15":0,"16":0,"17":0,"18":1,"19":4,"20":0,"21":0,"22":0,"23":0,"24":0,"25":0},"f":{"0":0,"1":4,"2":0},"b":{"0":[0,0],"1":[0,0],"2":[0,0],"3":[0,0],"4":[0,0],"5":[0,0]},"_coverageSchema":"1a1c01bbd47fc00a2c39e90264f33305004495a9","hash":"e4dbaa4f9ac86a0fe89081f7139c2e9a43680e15"}
,"/home/sirius/Documents/projects/eshophree-api/src/middlewares/product.middlewares.js": {"path":"/home/sirius/Documents/projects/eshophree-api/src/middlewares/product.middlewares.js","statementMap":{"0":{"start":{"line":1,"column":19},"end":{"line":1,"column":49}},"1":{"start":{"line":2,"column":17},"end":{"line":2,"column":45}},"2":{"start":{"line":3,"column":16},"end":{"line":3,"column":51}},"3":{"start":{"line":5,"column":0},"end":{"line":20,"column":3}},"4":{"start":{"line":6,"column":26},"end":{"line":6,"column":36}},"5":{"start":{"line":7,"column":20},"end":{"line":7,"column":53}},"6":{"start":{"line":9,"column":4},"end":{"line":16,"column":5}},"7":{"start":{"line":10,"column":8},"end":{"line":15,"column":10}},"8":{"start":{"line":18,"column":4},"end":{"line":18,"column":26}},"9":{"start":{"line":19,"column":4},"end":{"line":19,"column":11}}},"fnMap":{"0":{"name":"(anonymous_0)","decl":{"start":{"line":5,"column":33},"end":{"line":5,"column":34}},"loc":{"start":{"line":5,"column":59},"end":{"line":20,"column":1}},"line":5}},"branchMap":{"0":{"loc":{"start":{"line":9,"column":4},"end":{"line":16,"column":5}},"type":"if","locations":[{"start":{"line":9,"column":4},"end":{"line":16,"column":5}},{"start":{},"end":{}}],"line":9}},"s":{"0":1,"1":1,"2":1,"3":1,"4":0,"5":0,"6":0,"7":0,"8":0,"9":0},"f":{"0":0},"b":{"0":[0,0]},"_coverageSchema":"1a1c01bbd47fc00a2c39e90264f33305004495a9","hash":"bc92094b76fb3aacd31b5f173ac5fab492586c87"}
,"/home/sirius/Documents/projects/eshophree-api/src/middlewares/validation.middlwares.js": {"path":"/home/sirius/Documents/projects/eshophree-api/src/middlewares/validation.middlwares.js","statementMap":{"0":{"start":{"line":1,"column":29},"end":{"line":1,"column":57}},"1":{"start":{"line":2,"column":17},"end":{"line":2,"column":45}},"2":{"start":{"line":4,"column":0},"end":{"line":14,"column":2}},"3":{"start":{"line":5,"column":23},"end":{"line":5,"column":44}},"4":{"start":{"line":6,"column":4},"end":{"line":12,"column":5}},"5":{"start":{"line":7,"column":26},"end":{"line":10,"column":9}},"6":{"start":{"line":9,"column":16},"end":{"line":9,"column":135}},"7":{"start":{"line":11,"column":8},"end":{"line":11,"column":50}},"8":{"start":{"line":13,"column":4},"end":{"line":13,"column":11}}},"fnMap":{"0":{"name":"(anonymous_0)","decl":{"start":{"line":4,"column":17},"end":{"line":4,"column":18}},"loc":{"start":{"line":4,"column":37},"end":{"line":14,"column":1}},"line":4},"1":{"name":"(anonymous_1)","decl":{"start":{"line":8,"column":12},"end":{"line":8,"column":13}},"loc":{"start":{"line":9,"column":16},"end":{"line":9,"column":135}},"line":9}},"branchMap":{"0":{"loc":{"start":{"line":6,"column":4},"end":{"line":12,"column":5}},"type":"if","locations":[{"start":{"line":6,"column":4},"end":{"line":12,"column":5}},{"start":{},"end":{}}],"line":6}},"s":{"0":1,"1":1,"2":1,"3":7,"4":7,"5":5,"6":15,"7":5,"8":2},"f":{"0":7,"1":15},"b":{"0":[5,2]},"_coverageSchema":"1a1c01bbd47fc00a2c39e90264f33305004495a9","hash":"e0b6aaae51cf13d0aeb18330c82c324477771e6a"}
,"/home/sirius/Documents/projects/eshophree-api/src/models/activateToken.models.js": {"path":"/home/sirius/Documents/projects/eshophree-api/src/models/activateToken.models.js","statementMap":{"0":{"start":{"line":1,"column":17},"end":{"line":1,"column":36}},"1":{"start":{"line":3,"column":28},"end":{"line":19,"column":1}},"2":{"start":{"line":21,"column":22},"end":{"line":21,"column":74}},"3":{"start":{"line":23,"column":0},"end":{"line":23,"column":31}}},"fnMap":{},"branchMap":{},"s":{"0":1,"1":1,"2":1,"3":1},"f":{},"b":{},"_coverageSchema":"1a1c01bbd47fc00a2c39e90264f33305004495a9","hash":"ff123224fc2e2d4f3d9ff8c41ba50065ea92c2e3"}
,"/home/sirius/Documents/projects/eshophree-api/src/models/cart.models.js": {"path":"/home/sirius/Documents/projects/eshophree-api/src/models/cart.models.js","statementMap":{"0":{"start":{"line":1,"column":17},"end":{"line":1,"column":36}},"1":{"start":{"line":3,"column":19},"end":{"line":30,"column":1}},"2":{"start":{"line":26,"column":16},"end":{"line":26,"column":31}},"3":{"start":{"line":32,"column":13},"end":{"line":32,"column":47}},"4":{"start":{"line":34,"column":0},"end":{"line":34,"column":22}}},"fnMap":{"0":{"name":"(anonymous_0)","decl":{"start":{"line":25,"column":23},"end":{"line":25,"column":24}},"loc":{"start":{"line":25,"column":37},"end":{"line":27,"column":13}},"line":25}},"branchMap":{},"s":{"0":1,"1":1,"2":0,"3":1,"4":1},"f":{"0":0},"b":{},"_coverageSchema":"1a1c01bbd47fc00a2c39e90264f33305004495a9","hash":"34fb404a7c376dc447df06800546b7ee49f2933d"}
,"/home/sirius/Documents/projects/eshophree-api/src/models/discount.models.js": {"path":"/home/sirius/Documents/projects/eshophree-api/src/models/discount.models.js","statementMap":{"0":{"start":{"line":1,"column":17},"end":{"line":1,"column":36}},"1":{"start":{"line":3,"column":23},"end":{"line":24,"column":1}},"2":{"start":{"line":18,"column":16},"end":{"line":18,"column":31}},"3":{"start":{"line":19,"column":16},"end":{"line":19,"column":31}},"4":{"start":{"line":26,"column":17},"end":{"line":26,"column":59}},"5":{"start":{"line":28,"column":0},"end":{"line":28,"column":26}}},"fnMap":{"0":{"name":"(anonymous_0)","decl":{"start":{"line":17,"column":23},"end":{"line":17,"column":24}},"loc":{"start":{"line":17,"column":37},"end":{"line":20,"column":13}},"line":17}},"branchMap":{},"s":{"0":1,"1":1,"2":0,"3":0,"4":1,"5":1},"f":{"0":0},"b":{},"_coverageSchema":"1a1c01bbd47fc00a2c39e90264f33305004495a9","hash":"a49fdf995f5d39c7d21c100033356fdf6c1e11a7"}
,"/home/sirius/Documents/projects/eshophree-api/src/models/product.models.js": {"path":"/home/sirius/Documents/projects/eshophree-api/src/models/product.models.js","statementMap":{"0":{"start":{"line":1,"column":17},"end":{"line":1,"column":36}},"1":{"start":{"line":3,"column":22},"end":{"line":83,"column":1}},"2":{"start":{"line":19,"column":16},"end":{"line":19,"column":46}},"3":{"start":{"line":68,"column":24},"end":{"line":68,"column":49}},"4":{"start":{"line":78,"column":16},"end":{"line":78,"column":31}},"5":{"start":{"line":79,"column":16},"end":{"line":79,"column":38}},"6":{"start":{"line":85,"column":0},"end":{"line":90,"column":3}},"7":{"start":{"line":92,"column":16},"end":{"line":92,"column":56}},"8":{"start":{"line":94,"column":0},"end":{"line":94,"column":25}}},"fnMap":{"0":{"name":"(anonymous_0)","decl":{"start":{"line":18,"column":17},"end":{"line":18,"column":18}},"loc":{"start":{"line":18,"column":26},"end":{"line":20,"column":13}},"line":18},"1":{"name":"(anonymous_1)","decl":{"start":{"line":68,"column":17},"end":{"line":68,"column":18}},"loc":{"start":{"line":68,"column":24},"end":{"line":68,"column":49}},"line":68},"2":{"name":"(anonymous_2)","decl":{"start":{"line":77,"column":23},"end":{"line":77,"column":24}},"loc":{"start":{"line":77,"column":37},"end":{"line":80,"column":13}},"line":77}},"branchMap":{},"s":{"0":1,"1":1,"2":0,"3":0,"4":0,"5":0,"6":1,"7":1,"8":1},"f":{"0":0,"1":0,"2":0},"b":{},"_coverageSchema":"1a1c01bbd47fc00a2c39e90264f33305004495a9","hash":"2d45ec957102daed725fd23b7d15f6763aa945bb"}
,"/home/sirius/Documents/projects/eshophree-api/src/models/resetToken.models.js": {"path":"/home/sirius/Documents/projects/eshophree-api/src/models/resetToken.models.js","statementMap":{"0":{"start":{"line":1,"column":17},"end":{"line":1,"column":36}},"1":{"start":{"line":3,"column":25},"end":{"line":24,"column":1}},"2":{"start":{"line":26,"column":19},"end":{"line":26,"column":65}},"3":{"start":{"line":28,"column":0},"end":{"line":28,"column":28}}},"fnMap":{},"branchMap":{},"s":{"0":1,"1":1,"2":1,"3":1},"f":{},"b":{},"_coverageSchema":"1a1c01bbd47fc00a2c39e90264f33305004495a9","hash":"d49c82731387d85ad602d030874f8f501db98715"}
,"/home/sirius/Documents/projects/eshophree-api/src/models/review.models.js": {"path":"/home/sirius/Documents/projects/eshophree-api/src/models/review.models.js","statementMap":{"0":{"start":{"line":1,"column":17},"end":{"line":1,"column":36}},"1":{"start":{"line":3,"column":16},"end":{"line":3,"column":43}},"2":{"start":{"line":5,"column":21},"end":{"line":35,"column":1}},"3":{"start":{"line":30,"column":16},"end":{"line":30,"column":31}},"4":{"start":{"line":37,"column":0},"end":{"line":67,"column":2}},"5":{"start":{"line":38,"column":20},"end":{"line":55,"column":6}},"6":{"start":{"line":57,"column":4},"end":{"line":66,"column":5}},"7":{"start":{"line":58,"column":8},"end":{"line":61,"column":11}},"8":{"start":{"line":63,"column":8},"end":{"line":65,"column":11}},"9":{"start":{"line":69,"column":0},"end":{"line":71,"column":3}},"10":{"start":{"line":70,"column":4},"end":{"line":70,"column":55}},"11":{"start":{"line":73,"column":15},"end":{"line":73,"column":53}},"12":{"start":{"line":75,"column":0},"end":{"line":75,"column":24}}},"fnMap":{"0":{"name":"(anonymous_0)","decl":{"start":{"line":29,"column":23},"end":{"line":29,"column":24}},"loc":{"start":{"line":29,"column":37},"end":{"line":31,"column":13}},"line":29},"1":{"name":"(anonymous_1)","decl":{"start":{"line":37,"column":41},"end":{"line":37,"column":42}},"loc":{"start":{"line":37,"column":68},"end":{"line":67,"column":1}},"line":37},"2":{"name":"(anonymous_2)","decl":{"start":{"line":69,"column":26},"end":{"line":69,"column":27}},"loc":{"start":{"line":69,"column":38},"end":{"line":71,"column":1}},"line":69}},"branchMap":{"0":{"loc":{"start":{"line":57,"column":4},"end":{"line":66,"column":5}},"type":"if","locations":[{"start":{"line":57,"column":4},"end":{"line":66,"column":5}},{"start":{"line":62,"column":11},"end":{"line":66,"column":5}}],"line":57}},"s":{"0":1,"1":1,"2":1,"3":0,"4":1,"5":0,"6":0,"7":0,"8":0,"9":1,"10":0,"11":1,"12":1},"f":{"0":0,"1":0,"2":0},"b":{"0":[0,0]},"_coverageSchema":"1a1c01bbd47fc00a2c39e90264f33305004495a9","hash":"a6e53366df935fa22c1f5acf0a2e818ee3d57a4c"}
,"/home/sirius/Documents/projects/eshophree-api/src/models/user.models.js": {"path":"/home/sirius/Documents/projects/eshophree-api/src/models/user.models.js","statementMap":{"0":{"start":{"line":1,"column":15},"end":{"line":1,"column":34}},"1":{"start":{"line":2,"column":17},"end":{"line":2,"column":36}},"2":{"start":{"line":4,"column":24},"end":{"line":4,"column":35}},"3":{"start":{"line":6,"column":19},"end":{"line":57,"column":1}},"4":{"start":{"line":53,"column":16},"end":{"line":53,"column":31}},"5":{"start":{"line":59,"column":0},"end":{"line":65,"column":3}},"6":{"start":{"line":60,"column":4},"end":{"line":62,"column":5}},"7":{"start":{"line":61,"column":8},"end":{"line":61,"column":22}},"8":{"start":{"line":63,"column":4},"end":{"line":63,"column":47}},"9":{"start":{"line":64,"column":4},"end":{"line":64,"column":11}},"10":{"start":{"line":67,"column":0},"end":{"line":73,"column":3}},"11":{"start":{"line":68,"column":4},"end":{"line":70,"column":5}},"12":{"start":{"line":69,"column":8},"end":{"line":69,"column":22}},"13":{"start":{"line":71,"column":4},"end":{"line":71,"column":73}},"14":{"start":{"line":72,"column":4},"end":{"line":72,"column":11}},"15":{"start":{"line":75,"column":0},"end":{"line":77,"column":2}},"16":{"start":{"line":76,"column":4},"end":{"line":76,"column":63}},"17":{"start":{"line":79,"column":13},"end":{"line":79,"column":47}},"18":{"start":{"line":81,"column":0},"end":{"line":81,"column":22}}},"fnMap":{"0":{"name":"(anonymous_0)","decl":{"start":{"line":52,"column":23},"end":{"line":52,"column":24}},"loc":{"start":{"line":52,"column":37},"end":{"line":54,"column":13}},"line":52},"1":{"name":"(anonymous_1)","decl":{"start":{"line":59,"column":23},"end":{"line":59,"column":24}},"loc":{"start":{"line":59,"column":45},"end":{"line":65,"column":1}},"line":59},"2":{"name":"(anonymous_2)","decl":{"start":{"line":67,"column":23},"end":{"line":67,"column":24}},"loc":{"start":{"line":67,"column":45},"end":{"line":73,"column":1}},"line":67},"3":{"name":"(anonymous_3)","decl":{"start":{"line":75,"column":35},"end":{"line":75,"column":36}},"loc":{"start":{"line":75,"column":76},"end":{"line":77,"column":1}},"line":75}},"branchMap":{"0":{"loc":{"start":{"line":60,"column":4},"end":{"line":62,"column":5}},"type":"if","locations":[{"start":{"line":60,"column":4},"end":{"line":62,"column":5}},{"start":{},"end":{}}],"line":60},"1":{"loc":{"start":{"line":60,"column":8},"end":{"line":60,"column":50}},"type":"binary-expr","locations":[{"start":{"line":60,"column":8},"end":{"line":60,"column":36}},{"start":{"line":60,"column":40},"end":{"line":60,"column":50}}],"line":60},"2":{"loc":{"start":{"line":68,"column":4},"end":{"line":70,"column":5}},"type":"if","locations":[{"start":{"line":68,"column":4},"end":{"line":70,"column":5}},{"start":{},"end":{}}],"line":68},"3":{"loc":{"start":{"line":71,"column":53},"end":{"line":71,"column":71}},"type":"binary-expr","locations":[{"start":{"line":71,"column":53},"end":{"line":71,"column":65}},{"start":{"line":71,"column":69},"end":{"line":71,"column":71}}],"line":71}},"s":{"0":1,"1":1,"2":1,"3":1,"4":0,"5":1,"6":2,"7":2,"8":0,"9":0,"10":1,"11":2,"12":0,"13":2,"14":2,"15":1,"16":0,"17":1,"18":1},"f":{"0":0,"1":2,"2":2,"3":0},"b":{"0":[2,0],"1":[2,2],"2":[0,2],"3":[2,2]},"_coverageSchema":"1a1c01bbd47fc00a2c39e90264f33305004495a9","hash":"b74103e618b1682a2f3e071debb4d70b3c0a75e5"}
,"/home/sirius/Documents/projects/eshophree-api/src/routes/cart.routes.js": {"path":"/home/sirius/Documents/projects/eshophree-api/src/routes/cart.routes.js","statementMap":{"0":{"start":{"line":1,"column":16},"end":{"line":1,"column":34}},"1":{"start":{"line":2,"column":17},"end":{"line":2,"column":45}},"2":{"start":{"line":7,"column":4},"end":{"line":7,"column":46}},"3":{"start":{"line":8,"column":13},"end":{"line":8,"column":55}},"4":{"start":{"line":9,"column":18},"end":{"line":9,"column":65}},"5":{"start":{"line":10,"column":22},"end":{"line":10,"column":51}},"6":{"start":{"line":12,"column":19},"end":{"line":12,"column":35}},"7":{"start":{"line":14,"column":0},"end":{"line":14,"column":32}},"8":{"start":{"line":16,"column":0},"end":{"line":22,"column":2}},"9":{"start":{"line":23,"column":0},"end":{"line":23,"column":39}},"10":{"start":{"line":24,"column":0},"end":{"line":29,"column":2}},"11":{"start":{"line":31,"column":0},"end":{"line":31,"column":28}}},"fnMap":{},"branchMap":{},"s":{"0":1,"1":1,"2":1,"3":1,"4":1,"5":1,"6":1,"7":1,"8":1,"9":1,"10":1,"11":1},"f":{},"b":{},"_coverageSchema":"1a1c01bbd47fc00a2c39e90264f33305004495a9","hash":"42d698d093f25efd583925c46b77ea75f4ef886f"}
,"/home/sirius/Documents/projects/eshophree-api/src/routes/discount.routes.js": {"path":"/home/sirius/Documents/projects/eshophree-api/src/routes/discount.routes.js","statementMap":{"0":{"start":{"line":1,"column":16},"end":{"line":1,"column":34}},"1":{"start":{"line":2,"column":22},"end":{"line":2,"column":51}},"2":{"start":{"line":8,"column":4},"end":{"line":8,"column":50}},"3":{"start":{"line":9,"column":35},"end":{"line":9,"column":77}},"4":{"start":{"line":10,"column":24},"end":{"line":10,"column":69}},"5":{"start":{"line":12,"column":23},"end":{"line":12,"column":60}},"6":{"start":{"line":14,"column":0},"end":{"line":14,"column":31}},"7":{"start":{"line":15,"column":0},"end":{"line":15,"column":40}},"8":{"start":{"line":16,"column":0},"end":{"line":16,"column":43}},"9":{"start":{"line":18,"column":0},"end":{"line":18,"column":57}},"10":{"start":{"line":20,"column":0},"end":{"line":20,"column":62}},"11":{"start":{"line":21,"column":0},"end":{"line":21,"column":62}},"12":{"start":{"line":23,"column":0},"end":{"line":23,"column":32}}},"fnMap":{},"branchMap":{},"s":{"0":1,"1":1,"2":1,"3":1,"4":1,"5":1,"6":1,"7":1,"8":1,"9":1,"10":1,"11":1,"12":1},"f":{},"b":{},"_coverageSchema":"1a1c01bbd47fc00a2c39e90264f33305004495a9","hash":"cd8bb58a4cd13fbfb53eb41d1dc67f3d9ed5331a"}
,"/home/sirius/Documents/projects/eshophree-api/src/routes/product.routes.js": {"path":"/home/sirius/Documents/projects/eshophree-api/src/routes/product.routes.js","statementMap":{"0":{"start":{"line":1,"column":16},"end":{"line":1,"column":34}},"1":{"start":{"line":8,"column":4},"end":{"line":8,"column":49}},"2":{"start":{"line":9,"column":21},"end":{"line":9,"column":47}},"3":{"start":{"line":10,"column":23},"end":{"line":10,"column":51}},"4":{"start":{"line":11,"column":13},"end":{"line":11,"column":55}},"5":{"start":{"line":12,"column":18},"end":{"line":12,"column":65}},"6":{"start":{"line":13,"column":24},"end":{"line":13,"column":69}},"7":{"start":{"line":20,"column":4},"end":{"line":20,"column":33}},"8":{"start":{"line":22,"column":22},"end":{"line":22,"column":38}},"9":{"start":{"line":24,"column":0},"end":{"line":48,"column":6}},"10":{"start":{"line":50,"column":0},"end":{"line":68,"column":6}},"11":{"start":{"line":70,"column":0},"end":{"line":70,"column":55}},"12":{"start":{"line":71,"column":0},"end":{"line":71,"column":59}},"13":{"start":{"line":73,"column":0},"end":{"line":73,"column":31}}},"fnMap":{},"branchMap":{},"s":{"0":1,"1":1,"2":1,"3":1,"4":1,"5":1,"6":1,"7":1,"8":1,"9":1,"10":1,"11":1,"12":1,"13":1},"f":{},"b":{},"_coverageSchema":"1a1c01bbd47fc00a2c39e90264f33305004495a9","hash":"b4f48e265c96b1be169f1a8a6e9f8d7e714f64e6"}
,"/home/sirius/Documents/projects/eshophree-api/src/routes/review.routes.js": {"path":"/home/sirius/Documents/projects/eshophree-api/src/routes/review.routes.js","statementMap":{"0":{"start":{"line":1,"column":16},"end":{"line":1,"column":34}},"1":{"start":{"line":2,"column":13},"end":{"line":2,"column":55}},"2":{"start":{"line":8,"column":4},"end":{"line":8,"column":48}},"3":{"start":{"line":9,"column":18},"end":{"line":9,"column":65}},"4":{"start":{"line":10,"column":49},"end":{"line":10,"column":78}},"5":{"start":{"line":12,"column":21},"end":{"line":12,"column":58}},"6":{"start":{"line":14,"column":0},"end":{"line":14,"column":34}},"7":{"start":{"line":16,"column":0},"end":{"line":16,"column":41}},"8":{"start":{"line":18,"column":0},"end":{"line":18,"column":40}},"9":{"start":{"line":20,"column":0},"end":{"line":27,"column":6}},"10":{"start":{"line":29,"column":0},"end":{"line":29,"column":65}},"11":{"start":{"line":31,"column":0},"end":{"line":38,"column":6}},"12":{"start":{"line":40,"column":0},"end":{"line":40,"column":30}}},"fnMap":{},"branchMap":{},"s":{"0":1,"1":1,"2":1,"3":1,"4":1,"5":1,"6":1,"7":1,"8":1,"9":1,"10":1,"11":1,"12":1},"f":{},"b":{},"_coverageSchema":"1a1c01bbd47fc00a2c39e90264f33305004495a9","hash":"dc22994fa871b29e3899136f8b5a6ae6ab96b790"}
,"/home/sirius/Documents/projects/eshophree-api/src/routes/user.routes.js": {"path":"/home/sirius/Documents/projects/eshophree-api/src/routes/user.routes.js","statementMap":{"0":{"start":{"line":1,"column":16},"end":{"line":1,"column":34}},"1":{"start":{"line":11,"column":4},"end":{"line":11,"column":46}},"2":{"start":{"line":12,"column":13},"end":{"line":12,"column":55}},"3":{"start":{"line":13,"column":18},"end":{"line":13,"column":65}},"4":{"start":{"line":14,"column":33},"end":{"line":14,"column":62}},"5":{"start":{"line":16,"column":19},"end":{"line":16,"column":35}},"6":{"start":{"line":18,"column":0},"end":{"line":27,"column":2}},"7":{"start":{"line":28,"column":0},"end":{"line":28,"column":80}},"8":{"start":{"line":29,"column":0},"end":{"line":35,"column":2}},"9":{"start":{"line":37,"column":0},"end":{"line":37,"column":32}},"10":{"start":{"line":39,"column":0},"end":{"line":39,"column":74}},"11":{"start":{"line":40,"column":0},"end":{"line":47,"column":2}},"12":{"start":{"line":48,"column":0},"end":{"line":48,"column":34}},"13":{"start":{"line":49,"column":0},"end":{"line":49,"column":28}},"14":{"start":{"line":50,"column":0},"end":{"line":50,"column":44}},"15":{"start":{"line":52,"column":0},"end":{"line":52,"column":28}}},"fnMap":{},"branchMap":{},"s":{"0":1,"1":1,"2":1,"3":1,"4":1,"5":1,"6":1,"7":1,"8":1,"9":1,"10":1,"11":1,"12":1,"13":1,"14":1,"15":1},"f":{},"b":{},"_coverageSchema":"1a1c01bbd47fc00a2c39e90264f33305004495a9","hash":"d3bf10054242f157a1e0001dcb2fc3ded6aa3b62"}
,"/home/sirius/Documents/projects/eshophree-api/src/utils/appError.js": {"path":"/home/sirius/Documents/projects/eshophree-api/src/utils/appError.js","statementMap":{"0":{"start":{"line":2,"column":4},"end":{"line":2,"column":30}},"1":{"start":{"line":3,"column":4},"end":{"line":3,"column":38}},"2":{"start":{"line":4,"column":4},"end":{"line":4,"column":27}},"3":{"start":{"line":5,"column":4},"end":{"line":5,"column":33}},"4":{"start":{"line":6,"column":4},"end":{"line":6,"column":30}},"5":{"start":{"line":7,"column":4},"end":{"line":7,"column":52}},"6":{"start":{"line":10,"column":0},"end":{"line":10,"column":59}},"7":{"start":{"line":12,"column":0},"end":{"line":12,"column":26}}},"fnMap":{"0":{"name":"AppError","decl":{"start":{"line":1,"column":9},"end":{"line":1,"column":17}},"loc":{"start":{"line":1,"column":39},"end":{"line":8,"column":1}},"line":1}},"branchMap":{},"s":{"0":7,"1":7,"2":7,"3":7,"4":7,"5":7,"6":1,"7":1},"f":{"0":7},"b":{},"_coverageSchema":"1a1c01bbd47fc00a2c39e90264f33305004495a9","hash":"ba41e66061504e28261a97da01a70787b383596a"}
,"/home/sirius/Documents/projects/eshophree-api/src/utils/catchAsync.js": {"path":"/home/sirius/Documents/projects/eshophree-api/src/utils/catchAsync.js","statementMap":{"0":{"start":{"line":1,"column":0},"end":{"line":9,"column":2}},"1":{"start":{"line":2,"column":4},"end":{"line":8,"column":6}},"2":{"start":{"line":3,"column":8},"end":{"line":7,"column":9}},"3":{"start":{"line":4,"column":12},"end":{"line":4,"column":37}},"4":{"start":{"line":6,"column":12},"end":{"line":6,"column":31}}},"fnMap":{"0":{"name":"(anonymous_0)","decl":{"start":{"line":1,"column":17},"end":{"line":1,"column":18}},"loc":{"start":{"line":1,"column":23},"end":{"line":9,"column":1}},"line":1},"1":{"name":"(anonymous_1)","decl":{"start":{"line":2,"column":11},"end":{"line":2,"column":12}},"loc":{"start":{"line":2,"column":37},"end":{"line":8,"column":5}},"line":2}},"branchMap":{},"s":{"0":1,"1":25,"2":2,"3":2,"4":1},"f":{"0":25,"1":2},"b":{},"_coverageSchema":"1a1c01bbd47fc00a2c39e90264f33305004495a9","hash":"e490a0b71dd8c19760aab375cee8c56708700d2f"}
,"/home/sirius/Documents/projects/eshophree-api/src/utils/log.js": {"path":"/home/sirius/Documents/projects/eshophree-api/src/utils/log.js","statementMap":{"0":{"start":{"line":1,"column":14},"end":{"line":1,"column":30}},"1":{"start":{"line":3,"column":0},"end":{"line":12,"column":2}},"2":{"start":{"line":5,"column":4},"end":{"line":11,"column":6}}},"fnMap":{"0":{"name":"(anonymous_0)","decl":{"start":{"line":3,"column":17},"end":{"line":3,"column":18}},"loc":{"start":{"line":3,"column":59},"end":{"line":12,"column":1}},"line":3}},"branchMap":{"0":{"loc":{"start":{"line":3,"column":37},"end":{"line":3,"column":45}},"type":"default-arg","locations":[{"start":{"line":3,"column":43},"end":{"line":3,"column":45}}],"line":3}},"s":{"0":1,"1":1,"2":0},"f":{"0":0},"b":{"0":[0]},"_coverageSchema":"1a1c01bbd47fc00a2c39e90264f33305004495a9","hash":"4b546f81d20caeea29509ec1f341869ca7a45a99"}
,"/home/sirius/Documents/projects/eshophree-api/src/utils/utils.js": {"path":"/home/sirius/Documents/projects/eshophree-api/src/utils/utils.js","statementMap":{"0":{"start":{"line":1,"column":0},"end":{"line":11,"column":2}},"1":{"start":{"line":2,"column":16},"end":{"line":2,"column":18}},"2":{"start":{"line":3,"column":18},"end":{"line":3,"column":23}},"3":{"start":{"line":4,"column":4},"end":{"line":9,"column":5}},"4":{"start":{"line":5,"column":8},"end":{"line":8,"column":9}},"5":{"start":{"line":6,"column":12},"end":{"line":6,"column":35}},"6":{"start":{"line":7,"column":12},"end":{"line":7,"column":27}},"7":{"start":{"line":10,"column":4},"end":{"line":10,"column":26}}},"fnMap":{"0":{"name":"(anonymous_0)","decl":{"start":{"line":1,"column":35},"end":{"line":1,"column":36}},"loc":{"start":{"line":1,"column":45},"end":{"line":11,"column":1}},"line":1}},"branchMap":{"0":{"loc":{"start":{"line":5,"column":8},"end":{"line":8,"column":9}},"type":"if","locations":[{"start":{"line":5,"column":8},"end":{"line":8,"column":9}},{"start":{},"end":{}}],"line":5},"1":{"loc":{"start":{"line":10,"column":11},"end":{"line":10,"column":25}},"type":"binary-expr","locations":[{"start":{"line":10,"column":11},"end":{"line":10,"column":18}},{"start":{"line":10,"column":22},"end":{"line":10,"column":25}}],"line":10}},"s":{"0":1,"1":0,"2":0,"3":0,"4":0,"5":0,"6":0,"7":0},"f":{"0":0},"b":{"0":[0,0],"1":[0,0]},"_coverageSchema":"1a1c01bbd47fc00a2c39e90264f33305004495a9","hash":"b6c79b00bb76d38117c29fdc592fe7d8a6370e7e"}
,"/home/sirius/Documents/projects/eshophree-api/src/utils/validator.js": {"path":"/home/sirius/Documents/projects/eshophree-api/src/utils/validator.js","statementMap":{"0":{"start":{"line":1,"column":31},"end":{"line":1,"column":59}},"1":{"start":{"line":3,"column":0},"end":{"line":3,"column":57}},"2":{"start":{"line":3,"column":24},"end":{"line":3,"column":56}},"3":{"start":{"line":5,"column":0},"end":{"line":6,"column":55}},"4":{"start":{"line":6,"column":4},"end":{"line":6,"column":54}},"5":{"start":{"line":8,"column":0},"end":{"line":8,"column":61}},"6":{"start":{"line":8,"column":27},"end":{"line":8,"column":60}},"7":{"start":{"line":10,"column":0},"end":{"line":11,"column":57}},"8":{"start":{"line":11,"column":4},"end":{"line":11,"column":56}},"9":{"start":{"line":13,"column":0},"end":{"line":13,"column":54}},"10":{"start":{"line":13,"column":29},"end":{"line":13,"column":53}},"11":{"start":{"line":15,"column":0},"end":{"line":16,"column":52}},"12":{"start":{"line":16,"column":4},"end":{"line":16,"column":51}}},"fnMap":{"0":{"name":"(anonymous_0)","decl":{"start":{"line":3,"column":18},"end":{"line":3,"column":19}},"loc":{"start":{"line":3,"column":24},"end":{"line":3,"column":56}},"line":3},"1":{"name":"(anonymous_1)","decl":{"start":{"line":5,"column":22},"end":{"line":5,"column":23}},"loc":{"start":{"line":6,"column":4},"end":{"line":6,"column":54}},"line":6},"2":{"name":"(anonymous_2)","decl":{"start":{"line":8,"column":18},"end":{"line":8,"column":19}},"loc":{"start":{"line":8,"column":27},"end":{"line":8,"column":60}},"line":8},"3":{"name":"(anonymous_3)","decl":{"start":{"line":10,"column":23},"end":{"line":10,"column":24}},"loc":{"start":{"line":11,"column":4},"end":{"line":11,"column":56}},"line":11},"4":{"name":"(anonymous_4)","decl":{"start":{"line":13,"column":20},"end":{"line":13,"column":21}},"loc":{"start":{"line":13,"column":29},"end":{"line":13,"column":53}},"line":13},"5":{"name":"(anonymous_5)","decl":{"start":{"line":15,"column":24},"end":{"line":15,"column":25}},"loc":{"start":{"line":16,"column":4},"end":{"line":16,"column":51}},"line":16}},"branchMap":{"0":{"loc":{"start":{"line":5,"column":30},"end":{"line":5,"column":37}},"type":"default-arg","locations":[{"start":{"line":5,"column":36},"end":{"line":5,"column":37}}],"line":5},"1":{"loc":{"start":{"line":10,"column":31},"end":{"line":10,"column":49}},"type":"default-arg","locations":[{"start":{"line":10,"column":44},"end":{"line":10,"column":49}}],"line":10},"2":{"loc":{"start":{"line":10,"column":51},"end":{"line":10,"column":58}},"type":"default-arg","locations":[{"start":{"line":10,"column":57},"end":{"line":10,"column":58}}],"line":10}},"s":{"0":1,"1":1,"2":3,"3":1,"4":18,"5":1,"6":1,"7":1,"8":4,"9":1,"10":7,"11":1,"12":4},"f":{"0":3,"1":18,"2":1,"3":4,"4":7,"5":4},"b":{"0":[8],"1":[0],"2":[0]},"_coverageSchema":"1a1c01bbd47fc00a2c39e90264f33305004495a9","hash":"7ec73b0a31f6ffee25e511103ad7a6907b5c10c7"}
}
