TN:
SF:src/app.js
FN:46,(anonymous_0)
FNF:1
FNH:1
FNDA:1,(anonymous_0)
DA:1,1
DA:2,1
DA:3,1
DA:4,1
DA:5,1
DA:6,1
DA:7,1
DA:8,1
DA:10,1
DA:11,1
DA:12,1
DA:13,1
DA:15,1
DA:16,1
DA:18,1
DA:20,1
DA:25,1
DA:31,1
DA:32,1
DA:33,1
DA:34,1
DA:35,1
DA:36,1
DA:37,1
DA:38,1
DA:39,1
DA:41,1
DA:42,1
DA:43,1
DA:44,1
DA:46,1
DA:47,1
DA:50,1
DA:52,1
LF:34
LH:34
BRF:0
BRH:0
end_of_record
TN:
SF:src/__test__/db.js
FN:6,(anonymous_0)
FN:10,(anonymous_1)
FN:15,(anonymous_2)
FNF:3
FNH:3
FNDA:1,(anonymous_0)
FNDA:1,(anonymous_1)
FNDA:7,(anonymous_2)
DA:1,1
DA:2,1
DA:4,1
DA:6,1
DA:7,1
DA:8,1
DA:10,1
DA:11,1
DA:12,1
DA:13,1
DA:15,1
DA:16,7
DA:17,7
DA:18,49
DA:19,49
LF:15
LH:15
BRF:0
BRH:0
end_of_record
TN:
SF:src/api/email.js
FN:9,(anonymous_0)
FNF:1
FNH:1
FNDA:2,(anonymous_0)
DA:1,1
DA:2,1
DA:3,1
DA:4,1
DA:7,1
DA:9,1
DA:10,2
DA:11,2
DA:20,2
DA:28,2
DA:30,2
DA:38,2
DA:40,0
DA:41,0
DA:49,0
DA:50,0
DA:51,0
DA:55,1
LF:18
LH:13
BRDA:40,0,0,0
BRDA:40,0,1,0
BRF:2
BRH:0
end_of_record
TN:
SF:src/controllers/cart.controllers.js
FN:6,(anonymous_0)
FN:14,(anonymous_1)
FN:31,(anonymous_2)
FN:38,(anonymous_3)
FN:57,(anonymous_4)
FNF:5
FNH:0
FNDA:0,(anonymous_0)
FNDA:0,(anonymous_1)
FNDA:0,(anonymous_2)
FNDA:0,(anonymous_3)
FNDA:0,(anonymous_4)
DA:1,1
DA:2,1
DA:4,1
DA:6,1
DA:7,0
DA:8,0
DA:9,0
DA:10,0
DA:11,0
DA:12,0
DA:14,0
DA:15,0
DA:17,0
DA:18,0
DA:23,0
DA:26,0
DA:28,0
DA:31,1
DA:32,0
DA:33,0
DA:34,0
DA:35,0
DA:36,0
DA:38,0
DA:39,0
DA:41,0
DA:42,0
DA:44,0
DA:45,0
DA:46,0
DA:48,0
DA:51,0
DA:52,0
DA:57,1
DA:58,0
DA:59,0
DA:60,0
DA:61,0
DA:63,0
DA:65,0
DA:67,0
LF:41
LH:6
BRDA:11,0,0,0
BRDA:11,0,1,0
BRDA:17,1,0,0
BRDA:17,1,1,0
BRDA:17,2,0,0
BRDA:17,2,1,0
BRDA:20,3,0,0
BRDA:20,3,1,0
BRDA:23,4,0,0
BRDA:23,4,1,0
BRDA:35,5,0,0
BRDA:35,5,1,0
BRDA:41,6,0,0
BRDA:41,6,1,0
BRDA:41,7,0,0
BRDA:41,7,1,0
BRDA:45,8,0,0
BRDA:45,8,1,0
BRDA:60,9,0,0
BRDA:60,9,1,0
BRF:20
BRH:0
end_of_record
TN:
SF:src/controllers/discount.controllers.js
FN:4,(anonymous_0)
FN:23,(anonymous_1)
FN:31,(anonymous_2)
FNF:3
FNH:0
FNDA:0,(anonymous_0)
FNDA:0,(anonymous_1)
FNDA:0,(anonymous_2)
DA:1,1
DA:2,1
DA:4,1
DA:5,0
DA:6,0
DA:8,0
DA:10,0
DA:16,0
DA:18,0
DA:20,0
DA:23,1
DA:24,0
DA:26,0
DA:28,0
DA:31,1
DA:32,0
DA:33,0
DA:35,0
DA:41,0
LF:19
LH:5
BRF:0
BRH:0
end_of_record
TN:
SF:src/controllers/error.controllers.js
FN:5,(anonymous_0)
FNF:1
FNH:1
FNDA:7,(anonymous_0)
DA:1,1
DA:3,1
DA:5,1
DA:6,7
DA:7,7
DA:8,0
DA:10,7
DA:12,0
DA:13,0
LF:9
LH:6
BRDA:6,0,0,7
BRDA:6,0,1,0
BRDA:7,1,0,0
BRDA:7,1,1,7
BRF:4
BRH:2
end_of_record
TN:
SF:src/controllers/product.controllers.js
FN:7,(anonymous_0)
FN:15,(anonymous_1)
FN:66,(anonymous_2)
FN:78,(anonymous_3)
FN:91,(anonymous_4)
FN:107,(anonymous_5)
FNF:6
FNH:0
FNDA:0,(anonymous_0)
FNDA:0,(anonymous_1)
FNDA:0,(anonymous_2)
FNDA:0,(anonymous_3)
FNDA:0,(anonymous_4)
FNDA:0,(anonymous_5)
DA:1,1
DA:2,1
DA:3,1
DA:5,1
DA:7,1
DA:8,0
DA:9,0
DA:10,0
DA:11,0
DA:15,1
DA:17,0
DA:18,0
DA:20,0
DA:21,0
DA:22,0
DA:23,0
DA:24,0
DA:25,0
DA:27,0
DA:28,0
DA:31,0
DA:32,0
DA:38,0
DA:59,0
DA:60,0
DA:63,0
DA:66,1
DA:67,0
DA:75,0
DA:78,1
DA:79,0
DA:82,0
DA:84,0
DA:86,0
DA:88,0
DA:91,1
DA:94,0
DA:96,0
DA:99,0
DA:102,0
DA:104,0
DA:107,1
DA:108,0
DA:109,0
DA:111,0
LF:45
LH:10
BRDA:8,0,0,0
BRDA:8,0,1,0
BRDA:8,1,0,0
BRDA:8,1,1,0
BRDA:10,2,0,0
BRDA:10,2,1,0
BRDA:17,3,0,0
BRDA:17,4,0,0
BRDA:22,5,0,0
BRDA:22,5,1,0
BRDA:22,6,0,0
BRDA:22,6,1,0
BRDA:24,7,0,0
BRDA:24,7,1,0
BRDA:27,8,0,0
BRDA:27,8,1,0
BRDA:31,9,0,0
BRDA:31,9,1,0
BRDA:59,10,0,0
BRDA:59,10,1,0
BRDA:96,11,0,0
BRDA:96,11,1,0
BRDA:96,12,0,0
BRDA:96,12,1,0
BRDA:96,12,2,0
BRDA:96,12,3,0
BRDA:96,12,4,0
BRDA:96,12,5,0
BRDA:96,12,6,0
BRDA:96,12,7,0
BRDA:96,12,8,0
BRDA:96,12,9,0
BRDA:96,12,10,0
BRDA:96,12,11,0
BRDA:96,12,12,0
BRDA:96,12,13,0
BRF:36
BRH:0
end_of_record
TN:
SF:src/controllers/review.controllers.js
FN:6,(anonymous_0)
FN:18,(anonymous_1)
FN:30,(anonymous_2)
FN:56,(anonymous_3)
FN:79,(anonymous_4)
FNF:5
FNH:0
FNDA:0,(anonymous_0)
FNDA:0,(anonymous_1)
FNDA:0,(anonymous_2)
FNDA:0,(anonymous_3)
FNDA:0,(anonymous_4)
DA:1,1
DA:3,1
DA:4,1
DA:6,1
DA:7,0
DA:8,0
DA:9,0
DA:10,0
DA:11,0
DA:12,0
DA:15,0
DA:18,1
DA:19,0
DA:20,0
DA:21,0
DA:22,0
DA:24,0
DA:30,1
DA:31,0
DA:32,0
DA:33,0
DA:35,0
DA:37,0
DA:38,0
DA:46,0
DA:53,0
DA:56,1
DA:57,0
DA:58,0
DA:60,0
DA:61,0
DA:62,0
DA:65,0
DA:66,0
DA:74,0
DA:76,0
DA:79,1
DA:80,0
DA:81,0
DA:82,0
DA:84,0
DA:86,0
DA:87,0
DA:90,0
DA:91,0
DA:99,0
DA:100,0
DA:101,0
DA:104,0
DA:105,0
DA:108,0
DA:110,0
LF:52
LH:8
BRDA:10,0,0,0
BRDA:10,0,1,0
BRDA:15,1,0,0
BRDA:15,1,1,0
BRDA:21,2,0,0
BRDA:21,2,1,0
BRDA:37,3,0,0
BRDA:37,3,1,0
BRDA:61,4,0,0
BRDA:61,4,1,0
BRDA:65,5,0,0
BRDA:65,5,1,0
BRDA:86,6,0,0
BRDA:86,6,1,0
BRDA:90,7,0,0
BRDA:90,7,1,0
BRDA:100,8,0,0
BRDA:100,8,1,0
BRF:18
BRH:0
end_of_record
TN:
SF:src/controllers/user.controllers.js
FN:15,(anonymous_0)
FN:21,(anonymous_1)
FN:33,(anonymous_2)
FN:40,(anonymous_3)
FN:45,(anonymous_4)
FN:56,(anonymous_5)
FN:64,(anonymous_6)
FN:89,(anonymous_7)
FN:112,(anonymous_8)
FN:114,(anonymous_9)
FN:137,(anonymous_10)
FN:158,(anonymous_11)
FN:189,(anonymous_12)
FN:194,(anonymous_13)
FN:203,(anonymous_14)
FNF:15
FNH:4
FNDA:0,(anonymous_0)
FNDA:2,(anonymous_1)
FNDA:0,(anonymous_2)
FNDA:2,(anonymous_3)
FNDA:0,(anonymous_4)
FNDA:2,(anonymous_5)
FNDA:2,(anonymous_6)
FNDA:0,(anonymous_7)
FNDA:0,(anonymous_8)
FNDA:0,(anonymous_9)
FNDA:0,(anonymous_10)
FNDA:0,(anonymous_11)
FNDA:0,(anonymous_12)
FNDA:0,(anonymous_13)
FNDA:0,(anonymous_14)
DA:1,1
DA:2,1
DA:4,1
DA:5,1
DA:6,1
DA:7,1
DA:8,1
DA:9,1
DA:11,1
DA:13,1
DA:15,1
DA:16,0
DA:21,1
DA:22,2
DA:23,1
DA:30,2
DA:33,1
DA:34,0
DA:35,0
DA:36,0
DA:40,1
DA:41,2
DA:42,2
DA:45,1
DA:46,0
DA:47,0
DA:53,0
DA:56,1
DA:57,2
DA:61,2
DA:64,1
DA:65,2
DA:67,2
DA:68,0
DA:71,2
DA:77,2
DA:78,2
DA:79,2
DA:81,2
DA:82,2
DA:86,2
DA:89,1
DA:90,0
DA:92,0
DA:93,0
DA:94,0
DA:96,0
DA:98,0
DA:100,0
DA:112,1
DA:114,1
DA:115,0
DA:116,0
DA:118,0
DA:119,0
DA:122,0
DA:123,0
DA:126,0
DA:127,0
DA:129,0
DA:137,1
DA:138,0
DA:140,0
DA:141,0
DA:142,0
DA:145,0
DA:146,0
DA:147,0
DA:148,0
DA:149,0
DA:153,0
DA:158,1
DA:159,0
DA:160,0
DA:162,0
DA:164,0
DA:165,0
DA:167,0
DA:168,0
DA:171,0
DA:173,0
DA:174,0
DA:181,0
DA:183,0
DA:184,0
DA:186,0
DA:189,1
DA:190,0
DA:191,0
DA:194,1
DA:195,0
DA:197,0
DA:198,0
DA:199,0
DA:200,0
DA:203,1
DA:204,0
DA:205,0
DA:209,0
DA:211,0
LF:100
LH:41
BRDA:22,0,0,1
BRDA:22,0,1,1
BRDA:35,1,0,0
BRDA:35,1,1,0
BRDA:58,2,0,2
BRDA:58,2,1,0
BRDA:67,3,0,0
BRDA:67,3,1,2
BRDA:93,4,0,0
BRDA:93,4,1,0
BRDA:93,5,0,0
BRDA:93,5,1,0
BRDA:118,6,0,0
BRDA:118,6,1,0
BRDA:122,7,0,0
BRDA:122,7,1,0
BRDA:141,8,0,0
BRDA:141,8,1,0
BRDA:164,9,0,0
BRDA:164,9,1,0
BRDA:167,10,0,0
BRDA:167,10,1,0
BRDA:173,11,0,0
BRDA:173,11,1,0
BRF:24
BRH:4
end_of_record
TN:
SF:src/middlewares/auth.middlewares.js
FN:7,(anonymous_0)
FN:42,(anonymous_1)
FN:43,(anonymous_2)
FNF:3
FNH:1
FNDA:0,(anonymous_0)
FNDA:4,(anonymous_1)
FNDA:0,(anonymous_2)
DA:1,1
DA:3,1
DA:4,1
DA:5,1
DA:7,1
DA:8,0
DA:9,0
DA:10,0
DA:14,0
DA:15,0
DA:16,0
DA:19,0
DA:23,0
DA:24,0
DA:29,0
DA:30,0
DA:38,0
DA:39,0
DA:42,1
DA:43,4
DA:44,0
DA:46,0
DA:47,0
DA:52,0
DA:53,0
DA:58,0
LF:26
LH:7
BRDA:9,0,0,0
BRDA:9,0,1,0
BRDA:15,1,0,0
BRDA:15,1,1,0
BRDA:23,2,0,0
BRDA:23,2,1,0
BRDA:29,3,0,0
BRDA:29,3,1,0
BRDA:46,4,0,0
BRDA:46,4,1,0
BRDA:52,5,0,0
BRDA:52,5,1,0
BRF:12
BRH:0
end_of_record
TN:
SF:src/middlewares/product.middlewares.js
FN:5,(anonymous_0)
FNF:1
FNH:0
FNDA:0,(anonymous_0)
DA:1,1
DA:2,1
DA:3,1
DA:5,1
DA:6,0
DA:7,0
DA:9,0
DA:10,0
DA:18,0
DA:19,0
LF:10
LH:4
BRDA:9,0,0,0
BRDA:9,0,1,0
BRF:2
BRH:0
end_of_record
TN:
SF:src/middlewares/validation.middlwares.js
FN:4,(anonymous_0)
FN:8,(anonymous_1)
FNF:2
FNH:2
FNDA:7,(anonymous_0)
FNDA:15,(anonymous_1)
DA:1,1
DA:2,1
DA:4,1
DA:5,7
DA:6,7
DA:7,5
DA:9,15
DA:11,5
DA:13,2
LF:9
LH:9
BRDA:6,0,0,5
BRDA:6,0,1,2
BRF:2
BRH:2
end_of_record
TN:
SF:src/models/activateToken.models.js
FNF:0
FNH:0
DA:1,1
DA:3,1
DA:21,1
DA:23,1
LF:4
LH:4
BRF:0
BRH:0
end_of_record
TN:
SF:src/models/cart.models.js
FN:25,(anonymous_0)
FNF:1
FNH:0
FNDA:0,(anonymous_0)
DA:1,1
DA:3,1
DA:26,0
DA:32,1
DA:34,1
LF:5
LH:4
BRF:0
BRH:0
end_of_record
TN:
SF:src/models/discount.models.js
FN:17,(anonymous_0)
FNF:1
FNH:0
FNDA:0,(anonymous_0)
DA:1,1
DA:3,1
DA:18,0
DA:19,0
DA:26,1
DA:28,1
LF:6
LH:4
BRF:0
BRH:0
end_of_record
TN:
SF:src/models/product.models.js
FN:18,(anonymous_0)
FN:68,(anonymous_1)
FN:77,(anonymous_2)
FNF:3
FNH:0
FNDA:0,(anonymous_0)
FNDA:0,(anonymous_1)
FNDA:0,(anonymous_2)
DA:1,1
DA:3,1
DA:19,0
DA:68,0
DA:78,0
DA:79,0
DA:85,1
DA:92,1
DA:94,1
LF:9
LH:5
BRF:0
BRH:0
end_of_record
TN:
SF:src/models/resetToken.models.js
FNF:0
FNH:0
DA:1,1
DA:3,1
DA:26,1
DA:28,1
LF:4
LH:4
BRF:0
BRH:0
end_of_record
TN:
SF:src/models/review.models.js
FN:29,(anonymous_0)
FN:37,(anonymous_1)
FN:69,(anonymous_2)
FNF:3
FNH:0
FNDA:0,(anonymous_0)
FNDA:0,(anonymous_1)
FNDA:0,(anonymous_2)
DA:1,1
DA:3,1
DA:5,1
DA:30,0
DA:37,1
DA:38,0
DA:57,0
DA:58,0
DA:63,0
DA:69,1
DA:70,0
DA:73,1
DA:75,1
LF:13
LH:7
BRDA:57,0,0,0
BRDA:57,0,1,0
BRF:2
BRH:0
end_of_record
TN:
SF:src/models/user.models.js
FN:52,(anonymous_0)
FN:59,(anonymous_1)
FN:67,(anonymous_2)
FN:75,(anonymous_3)
FNF:4
FNH:2
FNDA:0,(anonymous_0)
FNDA:2,(anonymous_1)
FNDA:2,(anonymous_2)
FNDA:0,(anonymous_3)
DA:1,1
DA:2,1
DA:4,1
DA:6,1
DA:53,0
DA:59,1
DA:60,2
DA:61,2
DA:63,0
DA:64,0
DA:67,1
DA:68,2
DA:69,0
DA:71,2
DA:72,2
DA:75,1
DA:76,0
DA:79,1
DA:81,1
LF:19
LH:14
BRDA:60,0,0,2
BRDA:60,0,1,0
BRDA:60,1,0,2
BRDA:60,1,1,2
BRDA:68,2,0,0
BRDA:68,2,1,2
BRDA:71,3,0,2
BRDA:71,3,1,2
BRF:8
BRH:6
end_of_record
TN:
SF:src/routes/cart.routes.js
FNF:0
FNH:0
DA:1,1
DA:2,1
DA:7,1
DA:8,1
DA:9,1
DA:10,1
DA:12,1
DA:14,1
DA:16,1
DA:23,1
DA:24,1
DA:31,1
LF:12
LH:12
BRF:0
BRH:0
end_of_record
TN:
SF:src/routes/discount.routes.js
FNF:0
FNH:0
DA:1,1
DA:2,1
DA:8,1
DA:9,1
DA:10,1
DA:12,1
DA:14,1
DA:15,1
DA:16,1
DA:18,1
DA:20,1
DA:21,1
DA:23,1
LF:13
LH:13
BRF:0
BRH:0
end_of_record
TN:
SF:src/routes/product.routes.js
FNF:0
FNH:0
DA:1,1
DA:8,1
DA:9,1
DA:10,1
DA:11,1
DA:12,1
DA:13,1
DA:20,1
DA:22,1
DA:24,1
DA:50,1
DA:70,1
DA:71,1
DA:73,1
LF:14
LH:14
BRF:0
BRH:0
end_of_record
TN:
SF:src/routes/review.routes.js
FNF:0
FNH:0
DA:1,1
DA:2,1
DA:8,1
DA:9,1
DA:10,1
DA:12,1
DA:14,1
DA:16,1
DA:18,1
DA:20,1
DA:29,1
DA:31,1
DA:40,1
LF:13
LH:13
BRF:0
BRH:0
end_of_record
TN:
SF:src/routes/user.routes.js
FNF:0
FNH:0
DA:1,1
DA:11,1
DA:12,1
DA:13,1
DA:14,1
DA:16,1
DA:18,1
DA:28,1
DA:29,1
DA:37,1
DA:39,1
DA:40,1
DA:48,1
DA:49,1
DA:50,1
DA:52,1
LF:16
LH:16
BRF:0
BRH:0
end_of_record
TN:
SF:src/utils/appError.js
FN:1,AppError
FNF:1
FNH:1
FNDA:7,AppError
DA:2,7
DA:3,7
DA:4,7
DA:5,7
DA:6,7
DA:7,7
DA:10,1
DA:12,1
LF:8
LH:8
BRF:0
BRH:0
end_of_record
TN:
SF:src/utils/catchAsync.js
FN:1,(anonymous_0)
FN:2,(anonymous_1)
FNF:2
FNH:2
FNDA:25,(anonymous_0)
FNDA:2,(anonymous_1)
DA:1,1
DA:2,25
DA:3,2
DA:4,2
DA:6,1
LF:5
LH:5
BRF:0
BRH:0
end_of_record
TN:
SF:src/utils/log.js
FN:3,(anonymous_0)
FNF:1
FNH:0
FNDA:0,(anonymous_0)
DA:1,1
DA:3,1
DA:5,0
LF:3
LH:2
BRDA:3,0,0,0
BRF:1
BRH:0
end_of_record
TN:
SF:src/utils/utils.js
FN:1,(anonymous_0)
FNF:1
FNH:0
FNDA:0,(anonymous_0)
DA:1,1
DA:2,0
DA:3,0
DA:4,0
DA:5,0
DA:6,0
DA:7,0
DA:10,0
LF:8
LH:1
BRDA:5,0,0,0
BRDA:5,0,1,0
BRDA:10,1,0,0
BRDA:10,1,1,0
BRF:4
BRH:0
end_of_record
TN:
SF:src/utils/validator.js
FN:3,(anonymous_0)
FN:5,(anonymous_1)
FN:8,(anonymous_2)
FN:10,(anonymous_3)
FN:13,(anonymous_4)
FN:15,(anonymous_5)
FNF:6
FNH:6
FNDA:3,(anonymous_0)
FNDA:18,(anonymous_1)
FNDA:1,(anonymous_2)
FNDA:4,(anonymous_3)
FNDA:7,(anonymous_4)
FNDA:4,(anonymous_5)
DA:1,1
DA:3,3
DA:5,1
DA:6,18
DA:8,1
DA:10,1
DA:11,4
DA:13,7
DA:15,1
DA:16,4
LF:10
LH:10
BRDA:5,0,0,8
BRDA:10,1,0,0
BRDA:10,2,0,0
BRF:3
BRH:1
end_of_record
